{"C:\\Users\\Maqui\\Desktop\\statogale\\projects\\api\\andela\\wayfarer\\spec\\auth.spec.js":{"path":"C:\\Users\\Maqui\\Desktop\\statogale\\projects\\api\\andela\\wayfarer\\spec\\auth.spec.js","statementMap":{"0":{"start":{"line":1,"column":23},"end":{"line":1,"column":64}},"1":{"start":{"line":2,"column":23},"end":{"line":2,"column":65}},"2":{"start":{"line":5,"column":0},"end":{"line":37,"column":3}},"3":{"start":{"line":6,"column":2},"end":{"line":36,"column":5}},"4":{"start":{"line":8,"column":16},"end":{"line":8,"column":63}},"5":{"start":{"line":9,"column":4},"end":{"line":19,"column":7}},"6":{"start":{"line":10,"column":6},"end":{"line":17,"column":8}},"7":{"start":{"line":18,"column":6},"end":{"line":18,"column":55}},"8":{"start":{"line":21,"column":4},"end":{"line":23,"column":7}},"9":{"start":{"line":22,"column":6},"end":{"line":22,"column":47}},"10":{"start":{"line":25,"column":4},"end":{"line":28,"column":7}},"11":{"start":{"line":26,"column":23},"end":{"line":26,"column":71}},"12":{"start":{"line":27,"column":6},"end":{"line":27,"column":50}},"13":{"start":{"line":30,"column":4},"end":{"line":35,"column":7}},"14":{"start":{"line":31,"column":6},"end":{"line":31,"column":44}},"15":{"start":{"line":32,"column":6},"end":{"line":32,"column":44}},"16":{"start":{"line":33,"column":6},"end":{"line":33,"column":42}},"17":{"start":{"line":34,"column":6},"end":{"line":34,"column":58}}},"fnMap":{"0":{"name":"(anonymous_0)","decl":{"start":{"line":5,"column":46},"end":{"line":5,"column":47}},"loc":{"start":{"line":5,"column":52},"end":{"line":37,"column":1}},"line":5},"1":{"name":"(anonymous_1)","decl":{"start":{"line":6,"column":43},"end":{"line":6,"column":44}},"loc":{"start":{"line":6,"column":49},"end":{"line":36,"column":3}},"line":6},"2":{"name":"(anonymous_2)","decl":{"start":{"line":9,"column":15},"end":{"line":9,"column":16}},"loc":{"start":{"line":9,"column":27},"end":{"line":19,"column":5}},"line":9},"3":{"name":"(anonymous_3)","decl":{"start":{"line":21,"column":14},"end":{"line":21,"column":15}},"loc":{"start":{"line":21,"column":26},"end":{"line":23,"column":5}},"line":21},"4":{"name":"(anonymous_4)","decl":{"start":{"line":25,"column":50},"end":{"line":25,"column":51}},"loc":{"start":{"line":25,"column":62},"end":{"line":28,"column":5}},"line":25},"5":{"name":"(anonymous_5)","decl":{"start":{"line":30,"column":47},"end":{"line":30,"column":48}},"loc":{"start":{"line":30,"column":59},"end":{"line":35,"column":5}},"line":30}},"branchMap":{},"s":{"0":1,"1":1,"2":1,"3":1,"4":1,"5":1,"6":2,"7":2,"8":1,"9":2,"10":1,"11":1,"12":1,"13":1,"14":1,"15":1,"16":1,"17":1},"f":{"0":1,"1":1,"2":2,"3":2,"4":1,"5":1},"b":{},"_coverageSchema":"1a1c01bbd47fc00a2c39e90264f33305004495a9","hash":"ccb3064a115657ed82716a57bbecdd43646852ac","contentHash":"ddb455480a370b9f9858c21f1ccfe9fdf7c91369ebbef19f897b5f580c6ac33e"},"C:\\Users\\Maqui\\Desktop\\statogale\\projects\\api\\andela\\wayfarer\\repositories\\userRepository.js":{"path":"C:\\Users\\Maqui\\Desktop\\statogale\\projects\\api\\andela\\wayfarer\\repositories\\userRepository.js","statementMap":{"0":{"start":{"line":1,"column":15},"end":{"line":1,"column":34}},"1":{"start":{"line":2,"column":15},"end":{"line":2,"column":42}},"2":{"start":{"line":3,"column":25},"end":{"line":3,"column":54}},"3":{"start":{"line":5,"column":23},"end":{"line":9,"column":1}},"4":{"start":{"line":7,"column":2},"end":{"line":7,"column":23}},"5":{"start":{"line":8,"column":2},"end":{"line":8,"column":14}},"6":{"start":{"line":14,"column":4},"end":{"line":14,"column":29}},"7":{"start":{"line":15,"column":4},"end":{"line":15,"column":24}},"8":{"start":{"line":25,"column":8},"end":{"line":25,"column":12}},"9":{"start":{"line":27,"column":21},"end":{"line":27,"column":59}},"10":{"start":{"line":28,"column":4},"end":{"line":34,"column":28}},"11":{"start":{"line":38,"column":4},"end":{"line":38,"column":64}},"12":{"start":{"line":38,"column":56},"end":{"line":38,"column":62}},"13":{"start":{"line":42,"column":19},"end":{"line":42,"column":55}},"14":{"start":{"line":43,"column":4},"end":{"line":43,"column":18}},"15":{"start":{"line":47,"column":4},"end":{"line":47,"column":50}},"16":{"start":{"line":51,"column":4},"end":{"line":51,"column":18}},"17":{"start":{"line":55,"column":0},"end":{"line":55,"column":61}}},"fnMap":{"0":{"name":"(anonymous_0)","decl":{"start":{"line":5,"column":23},"end":{"line":5,"column":24}},"loc":{"start":{"line":5,"column":33},"end":{"line":9,"column":1}},"line":5},"1":{"name":"(anonymous_1)","decl":{"start":{"line":13,"column":2},"end":{"line":13,"column":3}},"loc":{"start":{"line":13,"column":41},"end":{"line":16,"column":3}},"line":13},"2":{"name":"(anonymous_2)","decl":{"start":{"line":19,"column":2},"end":{"line":19,"column":3}},"loc":{"start":{"line":19,"column":19},"end":{"line":35,"column":3}},"line":19},"3":{"name":"(anonymous_3)","decl":{"start":{"line":37,"column":2},"end":{"line":37,"column":3}},"loc":{"start":{"line":37,"column":25},"end":{"line":39,"column":3}},"line":37},"4":{"name":"(anonymous_4)","decl":{"start":{"line":38,"column":49},"end":{"line":38,"column":50}},"loc":{"start":{"line":38,"column":56},"end":{"line":38,"column":62}},"line":38},"5":{"name":"(anonymous_5)","decl":{"start":{"line":41,"column":2},"end":{"line":41,"column":3}},"loc":{"start":{"line":41,"column":26},"end":{"line":44,"column":3}},"line":41},"6":{"name":"(anonymous_6)","decl":{"start":{"line":46,"column":2},"end":{"line":46,"column":3}},"loc":{"start":{"line":46,"column":35},"end":{"line":48,"column":3}},"line":46},"7":{"name":"(anonymous_7)","decl":{"start":{"line":50,"column":2},"end":{"line":50,"column":3}},"loc":{"start":{"line":50,"column":20},"end":{"line":52,"column":3}},"line":50}},"branchMap":{},"s":{"0":1,"1":1,"2":1,"3":1,"4":3,"5":3,"6":1,"7":1,"8":3,"9":3,"10":3,"11":6,"12":6,"13":1,"14":1,"15":5,"16":0,"17":1},"f":{"0":3,"1":1,"2":3,"3":6,"4":6,"5":1,"6":5,"7":0},"b":{},"_coverageSchema":"1a1c01bbd47fc00a2c39e90264f33305004495a9","hash":"6e3c3cbf1d5c37f1a2e89f285d3da490377a7f94","contentHash":"2738e5e53cdca308115402bc61b75f20f10fd3bb142c7bf8c9a4e1a721b73b03"},"C:\\Users\\Maqui\\Desktop\\statogale\\projects\\api\\andela\\wayfarer\\config\\pgPool.js":{"path":"C:\\Users\\Maqui\\Desktop\\statogale\\projects\\api\\andela\\wayfarer\\config\\pgPool.js","statementMap":{"0":{"start":{"line":3,"column":4},"end":{"line":3,"column":17}},"1":{"start":{"line":6,"column":13},"end":{"line":6,"column":23}},"2":{"start":{"line":9,"column":0},"end":{"line":9,"column":18}},"3":{"start":{"line":12,"column":25},"end":{"line":12,"column":97}},"4":{"start":{"line":14,"column":13},"end":{"line":16,"column":2}},"5":{"start":{"line":19,"column":0},"end":{"line":19,"column":22}}},"fnMap":{},"branchMap":{},"s":{"0":1,"1":1,"2":1,"3":1,"4":1,"5":1},"f":{},"b":{},"_coverageSchema":"1a1c01bbd47fc00a2c39e90264f33305004495a9","hash":"5106c3d6e6bd05ddb97a511cb34c8e649c296733","contentHash":"5e991e8d16a75e53e2ecd843f8fc770af1e25db73361c9312d8db44dc71d0912"},"C:\\Users\\Maqui\\Desktop\\statogale\\projects\\api\\andela\\wayfarer\\repositories\\commonRepository.js":{"path":"C:\\Users\\Maqui\\Desktop\\statogale\\projects\\api\\andela\\wayfarer\\repositories\\commonRepository.js","statementMap":{"0":{"start":{"line":1,"column":21},"end":{"line":1,"column":48}},"1":{"start":{"line":9,"column":4},"end":{"line":9,"column":21}},"2":{"start":{"line":10,"column":4},"end":{"line":10,"column":21}},"3":{"start":{"line":11,"column":4},"end":{"line":11,"column":31}},"4":{"start":{"line":19,"column":18},"end":{"line":22,"column":5}},"5":{"start":{"line":23,"column":4},"end":{"line":23,"column":53}},"6":{"start":{"line":23,"column":43},"end":{"line":23,"column":51}},"7":{"start":{"line":31,"column":18},"end":{"line":34,"column":5}},"8":{"start":{"line":35,"column":4},"end":{"line":35,"column":56}},"9":{"start":{"line":35,"column":43},"end":{"line":35,"column":54}},"10":{"start":{"line":44,"column":16},"end":{"line":44,"column":18}},"11":{"start":{"line":45,"column":4},"end":{"line":45,"column":23}},"12":{"start":{"line":46,"column":18},"end":{"line":49,"column":5}},"13":{"start":{"line":50,"column":4},"end":{"line":50,"column":53}},"14":{"start":{"line":50,"column":43},"end":{"line":50,"column":51}},"15":{"start":{"line":59,"column":19},"end":{"line":59,"column":40}},"16":{"start":{"line":60,"column":18},"end":{"line":63,"column":5}},"17":{"start":{"line":64,"column":4},"end":{"line":64,"column":53}},"18":{"start":{"line":64,"column":43},"end":{"line":64,"column":51}},"19":{"start":{"line":73,"column":17},"end":{"line":73,"column":53}},"20":{"start":{"line":74,"column":4},"end":{"line":76,"column":5}},"21":{"start":{"line":75,"column":6},"end":{"line":75,"column":18}},"22":{"start":{"line":77,"column":4},"end":{"line":77,"column":17}},"23":{"start":{"line":86,"column":4},"end":{"line":86,"column":39}},"24":{"start":{"line":95,"column":16},"end":{"line":95,"column":18}},"25":{"start":{"line":96,"column":4},"end":{"line":96,"column":23}},"26":{"start":{"line":97,"column":18},"end":{"line":100,"column":5}},"27":{"start":{"line":101,"column":4},"end":{"line":101,"column":57}},"28":{"start":{"line":101,"column":43},"end":{"line":101,"column":55}},"29":{"start":{"line":110,"column":25},"end":{"line":110,"column":50}},"30":{"start":{"line":111,"column":22},"end":{"line":111,"column":44}},"31":{"start":{"line":112,"column":18},"end":{"line":116,"column":5}},"32":{"start":{"line":117,"column":4},"end":{"line":117,"column":56}},"33":{"start":{"line":117,"column":43},"end":{"line":117,"column":54}},"34":{"start":{"line":121,"column":24},"end":{"line":121,"column":50}},"35":{"start":{"line":122,"column":22},"end":{"line":122,"column":44}},"36":{"start":{"line":123,"column":18},"end":{"line":126,"column":5}},"37":{"start":{"line":127,"column":4},"end":{"line":127,"column":56}},"38":{"start":{"line":127,"column":43},"end":{"line":127,"column":54}},"39":{"start":{"line":136,"column":22},"end":{"line":136,"column":44}},"40":{"start":{"line":137,"column":18},"end":{"line":140,"column":5}},"41":{"start":{"line":141,"column":4},"end":{"line":141,"column":56}},"42":{"start":{"line":141,"column":43},"end":{"line":141,"column":54}},"43":{"start":{"line":145,"column":4},"end":{"line":145,"column":32}},"44":{"start":{"line":150,"column":0},"end":{"line":150,"column":34}}},"fnMap":{"0":{"name":"(anonymous_0)","decl":{"start":{"line":8,"column":2},"end":{"line":8,"column":3}},"loc":{"start":{"line":8,"column":33},"end":{"line":12,"column":3}},"line":8},"1":{"name":"(anonymous_1)","decl":{"start":{"line":18,"column":2},"end":{"line":18,"column":3}},"loc":{"start":{"line":18,"column":8},"end":{"line":24,"column":3}},"line":18},"2":{"name":"(anonymous_2)","decl":{"start":{"line":23,"column":36},"end":{"line":23,"column":37}},"loc":{"start":{"line":23,"column":43},"end":{"line":23,"column":51}},"line":23},"3":{"name":"(anonymous_3)","decl":{"start":{"line":30,"column":2},"end":{"line":30,"column":3}},"loc":{"start":{"line":30,"column":15},"end":{"line":36,"column":3}},"line":30},"4":{"name":"(anonymous_4)","decl":{"start":{"line":35,"column":36},"end":{"line":35,"column":37}},"loc":{"start":{"line":35,"column":43},"end":{"line":35,"column":54}},"line":35},"5":{"name":"(anonymous_5)","decl":{"start":{"line":43,"column":2},"end":{"line":43,"column":3}},"loc":{"start":{"line":43,"column":28},"end":{"line":51,"column":3}},"line":43},"6":{"name":"(anonymous_6)","decl":{"start":{"line":50,"column":36},"end":{"line":50,"column":37}},"loc":{"start":{"line":50,"column":43},"end":{"line":50,"column":51}},"line":50},"7":{"name":"(anonymous_7)","decl":{"start":{"line":57,"column":2},"end":{"line":57,"column":3}},"loc":{"start":{"line":57,"column":32},"end":{"line":65,"column":3}},"line":57},"8":{"name":"(anonymous_8)","decl":{"start":{"line":64,"column":36},"end":{"line":64,"column":37}},"loc":{"start":{"line":64,"column":43},"end":{"line":64,"column":51}},"line":64},"9":{"name":"(anonymous_9)","decl":{"start":{"line":72,"column":2},"end":{"line":72,"column":3}},"loc":{"start":{"line":72,"column":32},"end":{"line":78,"column":3}},"line":72},"10":{"name":"(anonymous_10)","decl":{"start":{"line":85,"column":2},"end":{"line":85,"column":3}},"loc":{"start":{"line":85,"column":20},"end":{"line":87,"column":3}},"line":85},"11":{"name":"(anonymous_11)","decl":{"start":{"line":94,"column":2},"end":{"line":94,"column":3}},"loc":{"start":{"line":94,"column":26},"end":{"line":102,"column":3}},"line":94},"12":{"name":"(anonymous_12)","decl":{"start":{"line":101,"column":36},"end":{"line":101,"column":37}},"loc":{"start":{"line":101,"column":43},"end":{"line":101,"column":55}},"line":101},"13":{"name":"(anonymous_13)","decl":{"start":{"line":109,"column":2},"end":{"line":109,"column":3}},"loc":{"start":{"line":109,"column":40},"end":{"line":118,"column":3}},"line":109},"14":{"name":"(anonymous_14)","decl":{"start":{"line":117,"column":36},"end":{"line":117,"column":37}},"loc":{"start":{"line":117,"column":43},"end":{"line":117,"column":54}},"line":117},"15":{"name":"(anonymous_15)","decl":{"start":{"line":120,"column":2},"end":{"line":120,"column":3}},"loc":{"start":{"line":120,"column":34},"end":{"line":128,"column":3}},"line":120},"16":{"name":"(anonymous_16)","decl":{"start":{"line":127,"column":36},"end":{"line":127,"column":37}},"loc":{"start":{"line":127,"column":43},"end":{"line":127,"column":54}},"line":127},"17":{"name":"(anonymous_17)","decl":{"start":{"line":134,"column":2},"end":{"line":134,"column":3}},"loc":{"start":{"line":134,"column":18},"end":{"line":142,"column":3}},"line":134},"18":{"name":"(anonymous_18)","decl":{"start":{"line":141,"column":36},"end":{"line":141,"column":37}},"loc":{"start":{"line":141,"column":43},"end":{"line":141,"column":54}},"line":141},"19":{"name":"(anonymous_19)","decl":{"start":{"line":144,"column":2},"end":{"line":144,"column":3}},"loc":{"start":{"line":144,"column":17},"end":{"line":146,"column":3}},"line":144}},"branchMap":{"0":{"loc":{"start":{"line":74,"column":4},"end":{"line":76,"column":5}},"type":"if","locations":[{"start":{"line":74,"column":4},"end":{"line":76,"column":5}},{"start":{"line":74,"column":4},"end":{"line":76,"column":5}}],"line":74},"1":{"loc":{"start":{"line":109,"column":9},"end":{"line":109,"column":24}},"type":"default-arg","locations":[{"start":{"line":109,"column":22},"end":{"line":109,"column":24}}],"line":109},"2":{"loc":{"start":{"line":109,"column":26},"end":{"line":109,"column":38}},"type":"default-arg","locations":[{"start":{"line":109,"column":36},"end":{"line":109,"column":38}}],"line":109}},"s":{"0":1,"1":5,"2":5,"3":5,"4":13,"5":13,"6":13,"7":31,"8":31,"9":31,"10":7,"11":7,"12":7,"13":7,"14":7,"15":1,"16":1,"17":1,"18":1,"19":1,"20":1,"21":0,"22":1,"23":9,"24":23,"25":23,"26":23,"27":23,"28":23,"29":6,"30":6,"31":6,"32":6,"33":6,"34":2,"35":2,"36":2,"37":2,"38":2,"39":22,"40":22,"41":22,"42":22,"43":105,"44":1},"f":{"0":5,"1":13,"2":13,"3":31,"4":31,"5":7,"6":7,"7":1,"8":1,"9":1,"10":9,"11":23,"12":23,"13":6,"14":6,"15":2,"16":2,"17":22,"18":22,"19":105},"b":{"0":[0,1],"1":[0],"2":[0]},"_coverageSchema":"1a1c01bbd47fc00a2c39e90264f33305004495a9","hash":"7f7c9a788a9ab2f275ca402827e2102f865835cb","contentHash":"440685f2bf5bd91bb875a7aadcc73693f29fddee42fccc700246f5bbd30d05a5"},"C:\\Users\\Maqui\\Desktop\\statogale\\projects\\api\\andela\\wayfarer\\queryBuilders\\index.js":{"path":"C:\\Users\\Maqui\\Desktop\\statogale\\projects\\api\\andela\\wayfarer\\queryBuilders\\index.js","statementMap":{"0":{"start":{"line":1,"column":19},"end":{"line":1,"column":37}},"1":{"start":{"line":2,"column":20},"end":{"line":2,"column":39}},"2":{"start":{"line":7,"column":4},"end":{"line":7,"column":31}},"3":{"start":{"line":8,"column":4},"end":{"line":8,"column":28}},"4":{"start":{"line":9,"column":4},"end":{"line":9,"column":29}},"5":{"start":{"line":11,"column":4},"end":{"line":13,"column":5}},"6":{"start":{"line":12,"column":6},"end":{"line":12,"column":42}},"7":{"start":{"line":17,"column":4},"end":{"line":17,"column":59}},"8":{"start":{"line":21,"column":4},"end":{"line":21,"column":69}},"9":{"start":{"line":25,"column":4},"end":{"line":25,"column":72}},"10":{"start":{"line":29,"column":4},"end":{"line":29,"column":71}},"11":{"start":{"line":33,"column":4},"end":{"line":33,"column":67}},"12":{"start":{"line":37,"column":4},"end":{"line":37,"column":77}},"13":{"start":{"line":41,"column":4},"end":{"line":41,"column":80}},"14":{"start":{"line":45,"column":4},"end":{"line":45,"column":79}},"15":{"start":{"line":49,"column":21},"end":{"line":49,"column":41}},"16":{"start":{"line":50,"column":28},"end":{"line":50,"column":30}},"17":{"start":{"line":51,"column":4},"end":{"line":53,"column":7}},"18":{"start":{"line":52,"column":6},"end":{"line":52,"column":44}},"19":{"start":{"line":54,"column":4},"end":{"line":54,"column":98}},"20":{"start":{"line":58,"column":22},"end":{"line":58,"column":56}},"21":{"start":{"line":59,"column":26},"end":{"line":59,"column":98}},"22":{"start":{"line":59,"column":67},"end":{"line":59,"column":97}},"23":{"start":{"line":60,"column":4},"end":{"line":60,"column":59}},"24":{"start":{"line":64,"column":4},"end":{"line":64,"column":101}},"25":{"start":{"line":68,"column":4},"end":{"line":68,"column":104}},"26":{"start":{"line":72,"column":4},"end":{"line":72,"column":103}},"27":{"start":{"line":76,"column":4},"end":{"line":76,"column":43}},"28":{"start":{"line":80,"column":4},"end":{"line":80,"column":64}},"29":{"start":{"line":84,"column":4},"end":{"line":84,"column":67}},"30":{"start":{"line":88,"column":4},"end":{"line":88,"column":66}},"31":{"start":{"line":92,"column":0},"end":{"line":92,"column":30}}},"fnMap":{"0":{"name":"(anonymous_0)","decl":{"start":{"line":6,"column":2},"end":{"line":6,"column":3}},"loc":{"start":{"line":6,"column":30},"end":{"line":14,"column":3}},"line":6},"1":{"name":"(anonymous_1)","decl":{"start":{"line":16,"column":2},"end":{"line":16,"column":3}},"loc":{"start":{"line":16,"column":22},"end":{"line":18,"column":3}},"line":16},"2":{"name":"(anonymous_2)","decl":{"start":{"line":20,"column":2},"end":{"line":20,"column":3}},"loc":{"start":{"line":20,"column":39},"end":{"line":22,"column":3}},"line":20},"3":{"name":"(anonymous_3)","decl":{"start":{"line":24,"column":2},"end":{"line":24,"column":3}},"loc":{"start":{"line":24,"column":42},"end":{"line":26,"column":3}},"line":24},"4":{"name":"(anonymous_4)","decl":{"start":{"line":28,"column":2},"end":{"line":28,"column":3}},"loc":{"start":{"line":28,"column":41},"end":{"line":30,"column":3}},"line":28},"5":{"name":"(anonymous_5)","decl":{"start":{"line":32,"column":2},"end":{"line":32,"column":3}},"loc":{"start":{"line":32,"column":30},"end":{"line":34,"column":3}},"line":32},"6":{"name":"(anonymous_6)","decl":{"start":{"line":36,"column":2},"end":{"line":36,"column":3}},"loc":{"start":{"line":36,"column":42},"end":{"line":38,"column":3}},"line":36},"7":{"name":"(anonymous_7)","decl":{"start":{"line":40,"column":2},"end":{"line":40,"column":3}},"loc":{"start":{"line":40,"column":45},"end":{"line":42,"column":3}},"line":40},"8":{"name":"(anonymous_8)","decl":{"start":{"line":44,"column":2},"end":{"line":44,"column":3}},"loc":{"start":{"line":44,"column":44},"end":{"line":46,"column":3}},"line":44},"9":{"name":"(anonymous_9)","decl":{"start":{"line":48,"column":2},"end":{"line":48,"column":3}},"loc":{"start":{"line":48,"column":18},"end":{"line":55,"column":3}},"line":48},"10":{"name":"(anonymous_10)","decl":{"start":{"line":51,"column":21},"end":{"line":51,"column":22}},"loc":{"start":{"line":51,"column":35},"end":{"line":53,"column":5}},"line":51},"11":{"name":"(anonymous_11)","decl":{"start":{"line":57,"column":2},"end":{"line":57,"column":3}},"loc":{"start":{"line":57,"column":46},"end":{"line":61,"column":3}},"line":57},"12":{"name":"(anonymous_12)","decl":{"start":{"line":59,"column":51},"end":{"line":59,"column":52}},"loc":{"start":{"line":59,"column":67},"end":{"line":59,"column":97}},"line":59},"13":{"name":"(anonymous_13)","decl":{"start":{"line":63,"column":2},"end":{"line":63,"column":3}},"loc":{"start":{"line":63,"column":45},"end":{"line":65,"column":3}},"line":63},"14":{"name":"(anonymous_14)","decl":{"start":{"line":67,"column":2},"end":{"line":67,"column":3}},"loc":{"start":{"line":67,"column":48},"end":{"line":69,"column":3}},"line":67},"15":{"name":"(anonymous_15)","decl":{"start":{"line":71,"column":2},"end":{"line":71,"column":3}},"loc":{"start":{"line":71,"column":47},"end":{"line":73,"column":3}},"line":71},"16":{"name":"(anonymous_16)","decl":{"start":{"line":75,"column":2},"end":{"line":75,"column":3}},"loc":{"start":{"line":75,"column":16},"end":{"line":77,"column":3}},"line":75},"17":{"name":"(anonymous_17)","decl":{"start":{"line":79,"column":2},"end":{"line":79,"column":3}},"loc":{"start":{"line":79,"column":21},"end":{"line":81,"column":3}},"line":79},"18":{"name":"(anonymous_18)","decl":{"start":{"line":83,"column":2},"end":{"line":83,"column":3}},"loc":{"start":{"line":83,"column":24},"end":{"line":85,"column":3}},"line":83},"19":{"name":"(anonymous_19)","decl":{"start":{"line":87,"column":2},"end":{"line":87,"column":3}},"loc":{"start":{"line":87,"column":23},"end":{"line":89,"column":3}},"line":87}},"branchMap":{"0":{"loc":{"start":{"line":6,"column":14},"end":{"line":6,"column":28}},"type":"default-arg","locations":[{"start":{"line":6,"column":26},"end":{"line":6,"column":28}}],"line":6},"1":{"loc":{"start":{"line":11,"column":4},"end":{"line":13,"column":5}},"type":"if","locations":[{"start":{"line":11,"column":4},"end":{"line":13,"column":5}},{"start":{"line":11,"column":4},"end":{"line":13,"column":5}}],"line":11},"2":{"loc":{"start":{"line":16,"column":9},"end":{"line":16,"column":20}},"type":"default-arg","locations":[{"start":{"line":16,"column":18},"end":{"line":16,"column":20}}],"line":16},"3":{"loc":{"start":{"line":20,"column":26},"end":{"line":20,"column":37}},"type":"default-arg","locations":[{"start":{"line":20,"column":35},"end":{"line":20,"column":37}}],"line":20},"4":{"loc":{"start":{"line":24,"column":29},"end":{"line":24,"column":40}},"type":"default-arg","locations":[{"start":{"line":24,"column":38},"end":{"line":24,"column":40}}],"line":24},"5":{"loc":{"start":{"line":28,"column":28},"end":{"line":28,"column":39}},"type":"default-arg","locations":[{"start":{"line":28,"column":37},"end":{"line":28,"column":39}}],"line":28},"6":{"loc":{"start":{"line":32,"column":17},"end":{"line":32,"column":28}},"type":"default-arg","locations":[{"start":{"line":32,"column":26},"end":{"line":32,"column":28}}],"line":32},"7":{"loc":{"start":{"line":57,"column":15},"end":{"line":57,"column":30}},"type":"default-arg","locations":[{"start":{"line":57,"column":28},"end":{"line":57,"column":30}}],"line":57},"8":{"loc":{"start":{"line":57,"column":32},"end":{"line":57,"column":44}},"type":"default-arg","locations":[{"start":{"line":57,"column":42},"end":{"line":57,"column":44}}],"line":57},"9":{"loc":{"start":{"line":63,"column":14},"end":{"line":63,"column":29}},"type":"default-arg","locations":[{"start":{"line":63,"column":27},"end":{"line":63,"column":29}}],"line":63},"10":{"loc":{"start":{"line":63,"column":31},"end":{"line":63,"column":43}},"type":"default-arg","locations":[{"start":{"line":63,"column":41},"end":{"line":63,"column":43}}],"line":63},"11":{"loc":{"start":{"line":67,"column":17},"end":{"line":67,"column":32}},"type":"default-arg","locations":[{"start":{"line":67,"column":30},"end":{"line":67,"column":32}}],"line":67},"12":{"loc":{"start":{"line":67,"column":34},"end":{"line":67,"column":46}},"type":"default-arg","locations":[{"start":{"line":67,"column":44},"end":{"line":67,"column":46}}],"line":67},"13":{"loc":{"start":{"line":71,"column":16},"end":{"line":71,"column":31}},"type":"default-arg","locations":[{"start":{"line":71,"column":29},"end":{"line":71,"column":31}}],"line":71},"14":{"loc":{"start":{"line":71,"column":33},"end":{"line":71,"column":45}},"type":"default-arg","locations":[{"start":{"line":71,"column":43},"end":{"line":71,"column":45}}],"line":71}},"s":{"0":1,"1":1,"2":12,"3":12,"4":12,"5":12,"6":0,"7":58,"8":40,"9":2,"10":1,"11":4,"12":1,"13":1,"14":1,"15":23,"16":23,"17":23,"18":107,"19":23,"20":11,"21":11,"22":13,"23":11,"24":7,"25":3,"26":1,"27":26,"28":24,"29":1,"30":1,"31":1},"f":{"0":12,"1":58,"2":40,"3":2,"4":1,"5":4,"6":1,"7":1,"8":1,"9":23,"10":107,"11":11,"12":13,"13":7,"14":3,"15":1,"16":26,"17":24,"18":1,"19":1},"b":{"0":[0],"1":[0,12],"2":[14],"3":[39],"4":[2],"5":[1],"6":[0],"7":[0],"8":[0],"9":[0],"10":[0],"11":[0],"12":[0],"13":[0],"14":[0]},"_coverageSchema":"1a1c01bbd47fc00a2c39e90264f33305004495a9","hash":"a6e79a1fae985fadef40e2194af8cb4b62a9af43","contentHash":"fbcd02a955b07b9470484ade29966f781579baecdf7ba9ea29b5caca6f35ad87"},"C:\\Users\\Maqui\\Desktop\\statogale\\projects\\api\\andela\\wayfarer\\queryBuilders\\where.js":{"path":"C:\\Users\\Maqui\\Desktop\\statogale\\projects\\api\\andela\\wayfarer\\queryBuilders\\where.js","statementMap":{"0":{"start":{"line":4,"column":4},"end":{"line":4,"column":94}},"1":{"start":{"line":4,"column":55},"end":{"line":4,"column":77}},"2":{"start":{"line":8,"column":4},"end":{"line":8,"column":57}},"3":{"start":{"line":12,"column":4},"end":{"line":12,"column":66}},"4":{"start":{"line":16,"column":4},"end":{"line":16,"column":65}},"5":{"start":{"line":20,"column":19},"end":{"line":49,"column":2}},"6":{"start":{"line":22,"column":4},"end":{"line":46,"column":5}},"7":{"start":{"line":23,"column":6},"end":{"line":45,"column":9}},"8":{"start":{"line":26,"column":10},"end":{"line":28,"column":11}},"9":{"start":{"line":27,"column":12},"end":{"line":27,"column":106}},"10":{"start":{"line":29,"column":25},"end":{"line":29,"column":41}},"11":{"start":{"line":31,"column":10},"end":{"line":33,"column":11}},"12":{"start":{"line":32,"column":12},"end":{"line":32,"column":103}},"13":{"start":{"line":35,"column":10},"end":{"line":42,"column":11}},"14":{"start":{"line":36,"column":12},"end":{"line":40,"column":13}},"15":{"start":{"line":37,"column":14},"end":{"line":39,"column":15}},"16":{"start":{"line":38,"column":16},"end":{"line":38,"column":95}},"17":{"start":{"line":41,"column":12},"end":{"line":41,"column":69}},"18":{"start":{"line":43,"column":10},"end":{"line":43,"column":96}},"19":{"start":{"line":47,"column":4},"end":{"line":47,"column":47}},"20":{"start":{"line":51,"column":0},"end":{"line":51,"column":43}}},"fnMap":{"0":{"name":"(anonymous_0)","decl":{"start":{"line":3,"column":2},"end":{"line":3,"column":3}},"loc":{"start":{"line":3,"column":49},"end":{"line":5,"column":3}},"line":3},"1":{"name":"(anonymous_1)","decl":{"start":{"line":4,"column":39},"end":{"line":4,"column":40}},"loc":{"start":{"line":4,"column":55},"end":{"line":4,"column":77}},"line":4},"2":{"name":"(anonymous_2)","decl":{"start":{"line":7,"column":2},"end":{"line":7,"column":3}},"loc":{"start":{"line":7,"column":16},"end":{"line":9,"column":3}},"line":7},"3":{"name":"(anonymous_3)","decl":{"start":{"line":11,"column":2},"end":{"line":11,"column":3}},"loc":{"start":{"line":11,"column":19},"end":{"line":13,"column":3}},"line":11},"4":{"name":"(anonymous_4)","decl":{"start":{"line":15,"column":2},"end":{"line":15,"column":3}},"loc":{"start":{"line":15,"column":18},"end":{"line":17,"column":3}},"line":15},"5":{"name":"(anonymous_5)","decl":{"start":{"line":21,"column":2},"end":{"line":21,"column":3}},"loc":{"start":{"line":21,"column":30},"end":{"line":48,"column":3}},"line":21},"6":{"name":"(anonymous_6)","decl":{"start":{"line":24,"column":8},"end":{"line":24,"column":9}},"loc":{"start":{"line":24,"column":50},"end":{"line":44,"column":9}},"line":24}},"branchMap":{"0":{"loc":{"start":{"line":3,"column":32},"end":{"line":3,"column":47}},"type":"default-arg","locations":[{"start":{"line":3,"column":43},"end":{"line":3,"column":47}}],"line":3},"1":{"loc":{"start":{"line":22,"column":4},"end":{"line":46,"column":5}},"type":"if","locations":[{"start":{"line":22,"column":4},"end":{"line":46,"column":5}},{"start":{"line":22,"column":4},"end":{"line":46,"column":5}}],"line":22},"2":{"loc":{"start":{"line":26,"column":10},"end":{"line":28,"column":11}},"type":"if","locations":[{"start":{"line":26,"column":10},"end":{"line":28,"column":11}},{"start":{"line":26,"column":10},"end":{"line":28,"column":11}}],"line":26},"3":{"loc":{"start":{"line":31,"column":10},"end":{"line":33,"column":11}},"type":"if","locations":[{"start":{"line":31,"column":10},"end":{"line":33,"column":11}},{"start":{"line":31,"column":10},"end":{"line":33,"column":11}}],"line":31},"4":{"loc":{"start":{"line":31,"column":14},"end":{"line":31,"column":53}},"type":"binary-expr","locations":[{"start":{"line":31,"column":14},"end":{"line":31,"column":29}},{"start":{"line":31,"column":33},"end":{"line":31,"column":53}}],"line":31},"5":{"loc":{"start":{"line":35,"column":10},"end":{"line":42,"column":11}},"type":"if","locations":[{"start":{"line":35,"column":10},"end":{"line":42,"column":11}},{"start":{"line":35,"column":10},"end":{"line":42,"column":11}}],"line":35},"6":{"loc":{"start":{"line":35,"column":14},"end":{"line":35,"column":104}},"type":"binary-expr","locations":[{"start":{"line":35,"column":14},"end":{"line":35,"column":40}},{"start":{"line":35,"column":44},"end":{"line":35,"column":66}},{"start":{"line":35,"column":70},"end":{"line":35,"column":104}}],"line":35},"7":{"loc":{"start":{"line":36,"column":12},"end":{"line":40,"column":13}},"type":"if","locations":[{"start":{"line":36,"column":12},"end":{"line":40,"column":13}},{"start":{"line":36,"column":12},"end":{"line":40,"column":13}}],"line":36},"8":{"loc":{"start":{"line":37,"column":14},"end":{"line":39,"column":15}},"type":"if","locations":[{"start":{"line":37,"column":14},"end":{"line":39,"column":15}},{"start":{"line":37,"column":14},"end":{"line":39,"column":15}}],"line":37}},"s":{"0":86,"1":101,"2":73,"3":8,"4":5,"5":1,"6":172,"7":172,"8":172,"9":0,"10":172,"11":172,"12":0,"13":172,"14":172,"15":73,"16":0,"17":172,"18":0,"19":0,"20":1},"f":{"0":86,"1":101,"2":73,"3":8,"4":5,"5":172,"6":172},"b":{"0":[73],"1":[172,0],"2":[0,172],"3":[0,172],"4":[172,172],"5":[172,0],"6":[172,172,172],"7":[73,99],"8":[0,73]},"_coverageSchema":"1a1c01bbd47fc00a2c39e90264f33305004495a9","hash":"60706b5f0f7e8ded4f7a03d2fab08aaf9e731901","contentHash":"0a84fcef364346b5c3bf54d09aa12329ddc3d6e674681d30f3b44419d7c47ff9"},"C:\\Users\\Maqui\\Desktop\\statogale\\projects\\api\\andela\\wayfarer\\queryBuilders\\select.js":{"path":"C:\\Users\\Maqui\\Desktop\\statogale\\projects\\api\\andela\\wayfarer\\queryBuilders\\select.js","statementMap":{"0":{"start":{"line":5,"column":4},"end":{"line":5,"column":50}},"1":{"start":{"line":10,"column":4},"end":{"line":12,"column":5}},"2":{"start":{"line":11,"column":6},"end":{"line":11,"column":29}},"3":{"start":{"line":13,"column":4},"end":{"line":13,"column":35}},"4":{"start":{"line":18,"column":4},"end":{"line":18,"column":44}},"5":{"start":{"line":22,"column":0},"end":{"line":22,"column":35}}},"fnMap":{"0":{"name":"(anonymous_0)","decl":{"start":{"line":4,"column":2},"end":{"line":4,"column":3}},"loc":{"start":{"line":4,"column":50},"end":{"line":6,"column":3}},"line":4},"1":{"name":"(anonymous_1)","decl":{"start":{"line":9,"column":2},"end":{"line":9,"column":3}},"loc":{"start":{"line":9,"column":22},"end":{"line":14,"column":3}},"line":9},"2":{"name":"(anonymous_2)","decl":{"start":{"line":17,"column":2},"end":{"line":17,"column":3}},"loc":{"start":{"line":17,"column":30},"end":{"line":19,"column":3}},"line":17}},"branchMap":{"0":{"loc":{"start":{"line":4,"column":33},"end":{"line":4,"column":48}},"type":"default-arg","locations":[{"start":{"line":4,"column":44},"end":{"line":4,"column":48}}],"line":4},"1":{"loc":{"start":{"line":9,"column":9},"end":{"line":9,"column":20}},"type":"default-arg","locations":[{"start":{"line":9,"column":18},"end":{"line":9,"column":20}}],"line":9},"2":{"loc":{"start":{"line":10,"column":4},"end":{"line":12,"column":5}},"type":"if","locations":[{"start":{"line":10,"column":4},"end":{"line":12,"column":5}},{"start":{"line":10,"column":4},"end":{"line":12,"column":5}}],"line":10},"3":{"loc":{"start":{"line":17,"column":17},"end":{"line":17,"column":28}},"type":"default-arg","locations":[{"start":{"line":17,"column":26},"end":{"line":17,"column":28}}],"line":17}},"s":{"0":0,"1":58,"2":56,"3":2,"4":4,"5":1},"f":{"0":0,"1":58,"2":4},"b":{"0":[0],"1":[0],"2":[56,2],"3":[0]},"_coverageSchema":"1a1c01bbd47fc00a2c39e90264f33305004495a9","hash":"4b8e9bf9d38b5abc04e49213062f9fc01fae8a85","contentHash":"efa7a00dbc06ac8e4a9a6d5ba15752c8469752af86ddaed822ae6d358a8e038a"},"C:\\Users\\Maqui\\Desktop\\statogale\\projects\\api\\andela\\wayfarer\\controllers\\authController.js":{"path":"C:\\Users\\Maqui\\Desktop\\statogale\\projects\\api\\andela\\wayfarer\\controllers\\authController.js","statementMap":{"0":{"start":{"line":1,"column":12},"end":{"line":1,"column":35}},"1":{"start":{"line":2,"column":17},"end":{"line":2,"column":58}},"2":{"start":{"line":6,"column":4},"end":{"line":6,"column":38}},"3":{"start":{"line":10,"column":4},"end":{"line":10,"column":36}},"4":{"start":{"line":13,"column":24},"end":{"line":13,"column":103}},"5":{"start":{"line":15,"column":26},"end":{"line":23,"column":3}},"6":{"start":{"line":17,"column":18},"end":{"line":21,"column":6}},"7":{"start":{"line":22,"column":4},"end":{"line":22,"column":17}},"8":{"start":{"line":26,"column":26},"end":{"line":34,"column":3}},"9":{"start":{"line":27,"column":17},"end":{"line":32,"column":5}},"10":{"start":{"line":33,"column":4},"end":{"line":33,"column":16}},"11":{"start":{"line":37,"column":4},"end":{"line":49,"column":5}},"12":{"start":{"line":38,"column":19},"end":{"line":38,"column":65}},"13":{"start":{"line":39,"column":6},"end":{"line":43,"column":7}},"14":{"start":{"line":40,"column":8},"end":{"line":40,"column":29}},"15":{"start":{"line":41,"column":8},"end":{"line":41,"column":24}},"16":{"start":{"line":42,"column":8},"end":{"line":42,"column":47}},"17":{"start":{"line":45,"column":6},"end":{"line":45,"column":52}},"18":{"start":{"line":48,"column":6},"end":{"line":48,"column":73}},"19":{"start":{"line":53,"column":4},"end":{"line":63,"column":5}},"20":{"start":{"line":54,"column":6},"end":{"line":56,"column":7}},"21":{"start":{"line":55,"column":8},"end":{"line":55,"column":57}},"22":{"start":{"line":57,"column":19},"end":{"line":57,"column":54}},"23":{"start":{"line":58,"column":6},"end":{"line":58,"column":22}},"24":{"start":{"line":59,"column":6},"end":{"line":59,"column":45}},"25":{"start":{"line":62,"column":6},"end":{"line":62,"column":73}},"26":{"start":{"line":65,"column":2},"end":{"line":68,"column":5}},"27":{"start":{"line":71,"column":0},"end":{"line":71,"column":32}}},"fnMap":{"0":{"name":"authController","decl":{"start":{"line":12,"column":9},"end":{"line":12,"column":23}},"loc":{"start":{"line":12,"column":26},"end":{"line":69,"column":1}},"line":12},"1":{"name":"(anonymous_1)","decl":{"start":{"line":15,"column":26},"end":{"line":15,"column":27}},"loc":{"start":{"line":15,"column":95},"end":{"line":23,"column":3}},"line":15},"2":{"name":"(anonymous_2)","decl":{"start":{"line":26,"column":26},"end":{"line":26,"column":27}},"loc":{"start":{"line":26,"column":36},"end":{"line":34,"column":3}},"line":26},"3":{"name":"signIn","decl":{"start":{"line":36,"column":17},"end":{"line":36,"column":23}},"loc":{"start":{"line":36,"column":34},"end":{"line":50,"column":3}},"line":36},"4":{"name":"signUp","decl":{"start":{"line":52,"column":17},"end":{"line":52,"column":23}},"loc":{"start":{"line":52,"column":34},"end":{"line":64,"column":3}},"line":52}},"branchMap":{"0":{"loc":{"start":{"line":15,"column":33},"end":{"line":15,"column":49}},"type":"default-arg","locations":[{"start":{"line":15,"column":39},"end":{"line":15,"column":49}}],"line":15},"1":{"loc":{"start":{"line":15,"column":51},"end":{"line":15,"column":74}},"type":"default-arg","locations":[{"start":{"line":15,"column":62},"end":{"line":15,"column":74}}],"line":15},"2":{"loc":{"start":{"line":39,"column":6},"end":{"line":43,"column":7}},"type":"if","locations":[{"start":{"line":39,"column":6},"end":{"line":43,"column":7}},{"start":{"line":39,"column":6},"end":{"line":43,"column":7}}],"line":39},"3":{"loc":{"start":{"line":39,"column":10},"end":{"line":39,"column":77}},"type":"binary-expr","locations":[{"start":{"line":39,"column":10},"end":{"line":39,"column":14}},{"start":{"line":39,"column":18},"end":{"line":39,"column":77}}],"line":39},"4":{"loc":{"start":{"line":54,"column":6},"end":{"line":56,"column":7}},"type":"if","locations":[{"start":{"line":54,"column":6},"end":{"line":56,"column":7}},{"start":{"line":54,"column":6},"end":{"line":56,"column":7}}],"line":54}},"s":{"0":1,"1":1,"2":1,"3":1,"4":2,"5":2,"6":6,"7":6,"8":2,"9":6,"10":6,"11":5,"12":5,"13":5,"14":5,"15":5,"16":5,"17":0,"18":0,"19":1,"20":1,"21":0,"22":1,"23":1,"24":1,"25":0,"26":2,"27":1},"f":{"0":2,"1":6,"2":6,"3":5,"4":1},"b":{"0":[6],"1":[6],"2":[5,0],"3":[5,5],"4":[0,1]},"_coverageSchema":"1a1c01bbd47fc00a2c39e90264f33305004495a9","hash":"308f3df5c00da03ba178ec99ad491dd752290639","contentHash":"02765850c33970e5c713eb63ad107bd5c337c702a1e874e4eb04d3983452c647"},"C:\\Users\\Maqui\\Desktop\\statogale\\projects\\api\\andela\\wayfarer\\validators\\responses.js":{"path":"C:\\Users\\Maqui\\Desktop\\statogale\\projects\\api\\andela\\wayfarer\\validators\\responses.js","statementMap":{"0":{"start":{"line":2,"column":21},"end":{"line":10,"column":1}},"1":{"start":{"line":3,"column":2},"end":{"line":9,"column":3}},"2":{"start":{"line":4,"column":4},"end":{"line":4,"column":20}},"3":{"start":{"line":5,"column":4},"end":{"line":8,"column":7}},"4":{"start":{"line":12,"column":24},"end":{"line":18,"column":1}},"5":{"start":{"line":13,"column":2},"end":{"line":13,"column":21}},"6":{"start":{"line":14,"column":2},"end":{"line":17,"column":5}},"7":{"start":{"line":20,"column":22},"end":{"line":26,"column":1}},"8":{"start":{"line":21,"column":2},"end":{"line":21,"column":21}},"9":{"start":{"line":22,"column":2},"end":{"line":25,"column":5}},"10":{"start":{"line":28,"column":0},"end":{"line":32,"column":2}}},"fnMap":{"0":{"name":"(anonymous_0)","decl":{"start":{"line":2,"column":21},"end":{"line":2,"column":22}},"loc":{"start":{"line":2,"column":39},"end":{"line":10,"column":1}},"line":2},"1":{"name":"(anonymous_1)","decl":{"start":{"line":12,"column":24},"end":{"line":12,"column":25}},"loc":{"start":{"line":12,"column":47},"end":{"line":18,"column":1}},"line":12},"2":{"name":"(anonymous_2)","decl":{"start":{"line":20,"column":22},"end":{"line":20,"column":23}},"loc":{"start":{"line":20,"column":48},"end":{"line":26,"column":1}},"line":20}},"branchMap":{"0":{"loc":{"start":{"line":3,"column":2},"end":{"line":9,"column":3}},"type":"if","locations":[{"start":{"line":3,"column":2},"end":{"line":9,"column":3}},{"start":{"line":3,"column":2},"end":{"line":9,"column":3}}],"line":3}},"s":{"0":1,"1":8,"2":0,"3":0,"4":1,"5":1,"6":1,"7":1,"8":0,"9":0,"10":1},"f":{"0":8,"1":1,"2":0},"b":{"0":[0,8]},"_coverageSchema":"1a1c01bbd47fc00a2c39e90264f33305004495a9","hash":"21770fa12eeeb80289443e5e1dbbcdd43c72fc97","contentHash":"35919cc49e8369742277e16d04068635d1ba333998695d6ef8f16d57a20134af"},"C:\\Users\\Maqui\\Desktop\\statogale\\projects\\api\\andela\\wayfarer\\config\\environment.js":{"path":"C:\\Users\\Maqui\\Desktop\\statogale\\projects\\api\\andela\\wayfarer\\config\\environment.js","statementMap":{"0":{"start":{"line":1,"column":22},"end":{"line":1,"column":32}},"1":{"start":{"line":3,"column":0},"end":{"line":7,"column":2}}},"fnMap":{},"branchMap":{},"s":{"0":1,"1":1},"f":{},"b":{},"_coverageSchema":"1a1c01bbd47fc00a2c39e90264f33305004495a9","hash":"d49d46cd3516e02721157b72d34d6a098850b7cc","contentHash":"6da755942fe6561aa6d97cd04e6872b924227edabd48323275266a469460e117"},"C:\\Users\\Maqui\\Desktop\\statogale\\projects\\api\\andela\\wayfarer\\spec\\authValidation.spec.js":{"path":"C:\\Users\\Maqui\\Desktop\\statogale\\projects\\api\\andela\\wayfarer\\spec\\authValidation.spec.js","statementMap":{"0":{"start":{"line":5,"column":4},"end":{"line":5,"column":43}},"1":{"start":{"line":7,"column":0},"end":{"line":58,"column":3}},"2":{"start":{"line":10,"column":2},"end":{"line":34,"column":5}},"3":{"start":{"line":11,"column":4},"end":{"line":21,"column":7}},"4":{"start":{"line":12,"column":6},"end":{"line":20,"column":8}},"5":{"start":{"line":23,"column":4},"end":{"line":28,"column":7}},"6":{"start":{"line":24,"column":6},"end":{"line":24,"column":28}},"7":{"start":{"line":25,"column":22},"end":{"line":25,"column":52}},"8":{"start":{"line":26,"column":6},"end":{"line":26,"column":43}},"9":{"start":{"line":27,"column":6},"end":{"line":27,"column":81}},"10":{"start":{"line":30,"column":4},"end":{"line":33,"column":7}},"11":{"start":{"line":31,"column":22},"end":{"line":31,"column":52}},"12":{"start":{"line":32,"column":6},"end":{"line":32,"column":42}},"13":{"start":{"line":36,"column":2},"end":{"line":57,"column":5}},"14":{"start":{"line":37,"column":4},"end":{"line":44,"column":7}},"15":{"start":{"line":38,"column":6},"end":{"line":43,"column":8}},"16":{"start":{"line":46,"column":4},"end":{"line":51,"column":7}},"17":{"start":{"line":47,"column":6},"end":{"line":47,"column":31}},"18":{"start":{"line":48,"column":22},"end":{"line":48,"column":52}},"19":{"start":{"line":49,"column":6},"end":{"line":49,"column":43}},"20":{"start":{"line":50,"column":6},"end":{"line":50,"column":87}},"21":{"start":{"line":53,"column":4},"end":{"line":56,"column":7}},"22":{"start":{"line":54,"column":22},"end":{"line":54,"column":52}},"23":{"start":{"line":55,"column":6},"end":{"line":55,"column":42}}},"fnMap":{"0":{"name":"(anonymous_0)","decl":{"start":{"line":7,"column":47},"end":{"line":7,"column":48}},"loc":{"start":{"line":7,"column":53},"end":{"line":58,"column":1}},"line":7},"1":{"name":"(anonymous_1)","decl":{"start":{"line":10,"column":40},"end":{"line":10,"column":41}},"loc":{"start":{"line":10,"column":46},"end":{"line":34,"column":3}},"line":10},"2":{"name":"(anonymous_2)","decl":{"start":{"line":11,"column":15},"end":{"line":11,"column":16}},"loc":{"start":{"line":11,"column":21},"end":{"line":21,"column":5}},"line":11},"3":{"name":"(anonymous_3)","decl":{"start":{"line":23,"column":88},"end":{"line":23,"column":89}},"loc":{"start":{"line":23,"column":94},"end":{"line":28,"column":5}},"line":23},"4":{"name":"(anonymous_4)","decl":{"start":{"line":30,"column":64},"end":{"line":30,"column":65}},"loc":{"start":{"line":30,"column":70},"end":{"line":33,"column":5}},"line":30},"5":{"name":"(anonymous_5)","decl":{"start":{"line":36,"column":40},"end":{"line":36,"column":41}},"loc":{"start":{"line":36,"column":46},"end":{"line":57,"column":3}},"line":36},"6":{"name":"(anonymous_6)","decl":{"start":{"line":37,"column":15},"end":{"line":37,"column":16}},"loc":{"start":{"line":37,"column":21},"end":{"line":44,"column":5}},"line":37},"7":{"name":"(anonymous_7)","decl":{"start":{"line":46,"column":111},"end":{"line":46,"column":112}},"loc":{"start":{"line":46,"column":117},"end":{"line":51,"column":5}},"line":46},"8":{"name":"(anonymous_8)","decl":{"start":{"line":53,"column":76},"end":{"line":53,"column":77}},"loc":{"start":{"line":53,"column":82},"end":{"line":56,"column":5}},"line":53}},"branchMap":{},"s":{"0":1,"1":1,"2":1,"3":1,"4":2,"5":1,"6":1,"7":1,"8":1,"9":1,"10":1,"11":1,"12":1,"13":1,"14":1,"15":2,"16":1,"17":1,"18":1,"19":1,"20":1,"21":1,"22":1,"23":1},"f":{"0":1,"1":1,"2":2,"3":1,"4":1,"5":1,"6":2,"7":1,"8":1},"b":{},"_coverageSchema":"1a1c01bbd47fc00a2c39e90264f33305004495a9","hash":"cddd8ee76e81456ba9ea18c51d3240a8b15cffc2","contentHash":"306081421c85345df0b6e24f5d14dd84949f67112ff643fe2205b3cc0346a4d8"},"C:\\Users\\Maqui\\Desktop\\statogale\\projects\\api\\andela\\wayfarer\\validators\\authValidators.js":{"path":"C:\\Users\\Maqui\\Desktop\\statogale\\projects\\api\\andela\\wayfarer\\validators\\authValidators.js","statementMap":{"0":{"start":{"line":1,"column":16},"end":{"line":1,"column":35}},"1":{"start":{"line":4,"column":29},"end":{"line":13,"column":1}},"2":{"start":{"line":5,"column":16},"end":{"line":11,"column":3}},"3":{"start":{"line":12,"column":2},"end":{"line":12,"column":30}},"4":{"start":{"line":15,"column":29},"end":{"line":21,"column":1}},"5":{"start":{"line":16,"column":16},"end":{"line":19,"column":3}},"6":{"start":{"line":20,"column":2},"end":{"line":20,"column":30}},"7":{"start":{"line":23,"column":0},"end":{"line":23,"column":64}}},"fnMap":{"0":{"name":"(anonymous_0)","decl":{"start":{"line":4,"column":29},"end":{"line":4,"column":30}},"loc":{"start":{"line":4,"column":39},"end":{"line":13,"column":1}},"line":4},"1":{"name":"(anonymous_1)","decl":{"start":{"line":15,"column":29},"end":{"line":15,"column":30}},"loc":{"start":{"line":15,"column":39},"end":{"line":21,"column":1}},"line":15}},"branchMap":{},"s":{"0":1,"1":1,"2":3,"3":3,"4":1,"5":6,"6":6,"7":1},"f":{"0":3,"1":6},"b":{},"_coverageSchema":"1a1c01bbd47fc00a2c39e90264f33305004495a9","hash":"fe7a9d2aa09bc5339c9ca3ab75fd714403e8b3a0","contentHash":"18349405cac66654d455d4431a1ea5c06ee55b19e15bf40361430451f243bbcc"},"C:\\Users\\Maqui\\Desktop\\statogale\\projects\\api\\andela\\wayfarer\\validators\\common.js":{"path":"C:\\Users\\Maqui\\Desktop\\statogale\\projects\\api\\andela\\wayfarer\\validators\\common.js","statementMap":{"0":{"start":{"line":1,"column":18},"end":{"line":1,"column":40}},"1":{"start":{"line":3,"column":16},"end":{"line":15,"column":1}},"2":{"start":{"line":4,"column":21},"end":{"line":4,"column":63}},"3":{"start":{"line":5,"column":2},"end":{"line":10,"column":3}},"4":{"start":{"line":6,"column":4},"end":{"line":9,"column":6}},"5":{"start":{"line":11,"column":2},"end":{"line":14,"column":4}},"6":{"start":{"line":17,"column":0},"end":{"line":17,"column":25}}},"fnMap":{"0":{"name":"(anonymous_0)","decl":{"start":{"line":3,"column":16},"end":{"line":3,"column":17}},"loc":{"start":{"line":3,"column":54},"end":{"line":15,"column":1}},"line":3}},"branchMap":{"0":{"loc":{"start":{"line":3,"column":30},"end":{"line":3,"column":49}},"type":"default-arg","locations":[{"start":{"line":3,"column":47},"end":{"line":3,"column":49}}],"line":3},"1":{"loc":{"start":{"line":5,"column":2},"end":{"line":10,"column":3}},"type":"if","locations":[{"start":{"line":5,"column":2},"end":{"line":10,"column":3}},{"start":{"line":5,"column":2},"end":{"line":10,"column":3}}],"line":5}},"s":{"0":1,"1":1,"2":15,"3":15,"4":3,"5":12,"6":1},"f":{"0":15},"b":{"0":[12],"1":[3,12]},"_coverageSchema":"1a1c01bbd47fc00a2c39e90264f33305004495a9","hash":"496d0b5602174eba23e7cb8716981db8e2109e26","contentHash":"79097175094ae38215569ba902ff098adc54e3e3448095f484fd4eea7ff92869"},"C:\\Users\\Maqui\\Desktop\\statogale\\projects\\api\\andela\\wayfarer\\spec\\commonRepo.spec.js":{"path":"C:\\Users\\Maqui\\Desktop\\statogale\\projects\\api\\andela\\wayfarer\\spec\\commonRepo.spec.js","statementMap":{"0":{"start":{"line":1,"column":25},"end":{"line":1,"column":68}},"1":{"start":{"line":2,"column":15},"end":{"line":2,"column":42}},"2":{"start":{"line":4,"column":13},"end":{"line":4,"column":50}},"3":{"start":{"line":7,"column":0},"end":{"line":84,"column":3}},"4":{"start":{"line":9,"column":2},"end":{"line":83,"column":5}},"5":{"start":{"line":10,"column":17},"end":{"line":15,"column":5}},"6":{"start":{"line":17,"column":18},"end":{"line":22,"column":5}},"7":{"start":{"line":26,"column":4},"end":{"line":29,"column":7}},"8":{"start":{"line":27,"column":6},"end":{"line":27,"column":39}},"9":{"start":{"line":28,"column":6},"end":{"line":28,"column":31}},"10":{"start":{"line":31,"column":4},"end":{"line":34,"column":7}},"11":{"start":{"line":32,"column":6},"end":{"line":32,"column":48}},"12":{"start":{"line":33,"column":6},"end":{"line":33,"column":49}},"13":{"start":{"line":36,"column":4},"end":{"line":41,"column":7}},"14":{"start":{"line":37,"column":6},"end":{"line":37,"column":54}},"15":{"start":{"line":38,"column":21},"end":{"line":38,"column":51}},"16":{"start":{"line":39,"column":6},"end":{"line":39,"column":40}},"17":{"start":{"line":40,"column":6},"end":{"line":40,"column":56}},"18":{"start":{"line":43,"column":4},"end":{"line":48,"column":7}},"19":{"start":{"line":44,"column":19},"end":{"line":44,"column":35}},"20":{"start":{"line":45,"column":6},"end":{"line":45,"column":45}},"21":{"start":{"line":46,"column":25},"end":{"line":46,"column":63}},"22":{"start":{"line":46,"column":42},"end":{"line":46,"column":62}},"23":{"start":{"line":47,"column":6},"end":{"line":47,"column":50}},"24":{"start":{"line":50,"column":4},"end":{"line":53,"column":7}},"25":{"start":{"line":51,"column":21},"end":{"line":51,"column":62}},"26":{"start":{"line":52,"column":6},"end":{"line":52,"column":29}},"27":{"start":{"line":55,"column":4},"end":{"line":64,"column":7}},"28":{"start":{"line":56,"column":21},"end":{"line":60,"column":8}},"29":{"start":{"line":61,"column":6},"end":{"line":61,"column":40}},"30":{"start":{"line":62,"column":6},"end":{"line":62,"column":54}},"31":{"start":{"line":63,"column":6},"end":{"line":63,"column":48}},"32":{"start":{"line":66,"column":4},"end":{"line":72,"column":7}},"33":{"start":{"line":67,"column":21},"end":{"line":70,"column":8}},"34":{"start":{"line":71,"column":6},"end":{"line":71,"column":48}},"35":{"start":{"line":74,"column":4},"end":{"line":81,"column":7}},"36":{"start":{"line":75,"column":21},"end":{"line":78,"column":39}},"37":{"start":{"line":80,"column":6},"end":{"line":80,"column":52}}},"fnMap":{"0":{"name":"(anonymous_0)","decl":{"start":{"line":7,"column":44},"end":{"line":7,"column":45}},"loc":{"start":{"line":7,"column":50},"end":{"line":84,"column":1}},"line":7},"1":{"name":"(anonymous_1)","decl":{"start":{"line":9,"column":19},"end":{"line":9,"column":20}},"loc":{"start":{"line":9,"column":25},"end":{"line":83,"column":3}},"line":9},"2":{"name":"(anonymous_2)","decl":{"start":{"line":26,"column":15},"end":{"line":26,"column":16}},"loc":{"start":{"line":26,"column":27},"end":{"line":29,"column":5}},"line":26},"3":{"name":"(anonymous_3)","decl":{"start":{"line":31,"column":14},"end":{"line":31,"column":15}},"loc":{"start":{"line":31,"column":26},"end":{"line":34,"column":5}},"line":31},"4":{"name":"(anonymous_4)","decl":{"start":{"line":36,"column":65},"end":{"line":36,"column":66}},"loc":{"start":{"line":36,"column":77},"end":{"line":41,"column":5}},"line":36},"5":{"name":"(anonymous_5)","decl":{"start":{"line":43,"column":43},"end":{"line":43,"column":44}},"loc":{"start":{"line":43,"column":55},"end":{"line":48,"column":5}},"line":43},"6":{"name":"(anonymous_6)","decl":{"start":{"line":46,"column":35},"end":{"line":46,"column":36}},"loc":{"start":{"line":46,"column":42},"end":{"line":46,"column":62}},"line":46},"7":{"name":"(anonymous_7)","decl":{"start":{"line":50,"column":53},"end":{"line":50,"column":54}},"loc":{"start":{"line":50,"column":65},"end":{"line":53,"column":5}},"line":50},"8":{"name":"(anonymous_8)","decl":{"start":{"line":55,"column":53},"end":{"line":55,"column":54}},"loc":{"start":{"line":55,"column":65},"end":{"line":64,"column":5}},"line":55},"9":{"name":"(anonymous_9)","decl":{"start":{"line":66,"column":49},"end":{"line":66,"column":50}},"loc":{"start":{"line":66,"column":61},"end":{"line":72,"column":5}},"line":66},"10":{"name":"(anonymous_10)","decl":{"start":{"line":74,"column":64},"end":{"line":74,"column":65}},"loc":{"start":{"line":74,"column":76},"end":{"line":81,"column":5}},"line":74}},"branchMap":{},"s":{"0":1,"1":1,"2":1,"3":1,"4":1,"5":1,"6":1,"7":1,"8":6,"9":6,"10":1,"11":6,"12":6,"13":1,"14":1,"15":1,"16":1,"17":1,"18":1,"19":1,"20":1,"21":1,"22":3,"23":1,"24":1,"25":1,"26":1,"27":1,"28":1,"29":1,"30":1,"31":1,"32":1,"33":1,"34":1,"35":1,"36":1,"37":1},"f":{"0":1,"1":1,"2":6,"3":6,"4":1,"5":1,"6":3,"7":1,"8":1,"9":1,"10":1},"b":{},"_coverageSchema":"1a1c01bbd47fc00a2c39e90264f33305004495a9","hash":"f47cc39be38096399bee546ca10f371c98e847e7","contentHash":"e865641d330ae4b04db98e193e4d5e8f597eeae320ce31e711ee04fbdbaad9f4"},"C:\\Users\\Maqui\\Desktop\\statogale\\projects\\api\\andela\\wayfarer\\spec\\integration\\auth.spec.js":{"path":"C:\\Users\\Maqui\\Desktop\\statogale\\projects\\api\\andela\\wayfarer\\spec\\integration\\auth.spec.js","statementMap":{"0":{"start":{"line":1,"column":16},"end":{"line":1,"column":36}},"1":{"start":{"line":3,"column":12},"end":{"line":3,"column":34}},"2":{"start":{"line":4,"column":23},"end":{"line":4,"column":67}},"3":{"start":{"line":6,"column":14},"end":{"line":6,"column":32}},"4":{"start":{"line":9,"column":0},"end":{"line":31,"column":3}},"5":{"start":{"line":10,"column":2},"end":{"line":12,"column":5}},"6":{"start":{"line":11,"column":4},"end":{"line":11,"column":62}},"7":{"start":{"line":14,"column":2},"end":{"line":29,"column":5}},"8":{"start":{"line":15,"column":21},"end":{"line":21,"column":5}},"9":{"start":{"line":23,"column":19},"end":{"line":26,"column":18}},"10":{"start":{"line":28,"column":4},"end":{"line":28,"column":40}}},"fnMap":{"0":{"name":"(anonymous_0)","decl":{"start":{"line":9,"column":27},"end":{"line":9,"column":28}},"loc":{"start":{"line":9,"column":33},"end":{"line":31,"column":1}},"line":9},"1":{"name":"(anonymous_1)","decl":{"start":{"line":10,"column":12},"end":{"line":10,"column":13}},"loc":{"start":{"line":10,"column":24},"end":{"line":12,"column":3}},"line":10},"2":{"name":"(anonymous_2)","decl":{"start":{"line":14,"column":71},"end":{"line":14,"column":72}},"loc":{"start":{"line":14,"column":83},"end":{"line":29,"column":3}},"line":14}},"branchMap":{},"s":{"0":1,"1":1,"2":1,"3":1,"4":1,"5":1,"6":1,"7":1,"8":1,"9":1,"10":1},"f":{"0":1,"1":1,"2":1},"b":{},"_coverageSchema":"1a1c01bbd47fc00a2c39e90264f33305004495a9","hash":"356ccaed4b7dc19630db553ecaa162237aaa3b19","contentHash":"f0e8eed15e95a1670083837e70d60c71f9ac2fed82afcc7ea595a3890b14cf8a"},"C:\\Users\\Maqui\\Desktop\\statogale\\projects\\api\\andela\\wayfarer\\index.js":{"path":"C:\\Users\\Maqui\\Desktop\\statogale\\projects\\api\\andela\\wayfarer\\index.js","statementMap":{"0":{"start":{"line":1,"column":16},"end":{"line":1,"column":34}},"1":{"start":{"line":2,"column":19},"end":{"line":2,"column":41}},"2":{"start":{"line":6,"column":4},"end":{"line":6,"column":35}},"3":{"start":{"line":8,"column":19},"end":{"line":8,"column":43}},"4":{"start":{"line":9,"column":19},"end":{"line":9,"column":44}},"5":{"start":{"line":10,"column":22},"end":{"line":10,"column":50}},"6":{"start":{"line":12,"column":12},"end":{"line":12,"column":21}},"7":{"start":{"line":14,"column":0},"end":{"line":18,"column":2}},"8":{"start":{"line":19,"column":0},"end":{"line":19,"column":27}},"9":{"start":{"line":21,"column":0},"end":{"line":21,"column":35}},"10":{"start":{"line":22,"column":0},"end":{"line":22,"column":35}},"11":{"start":{"line":23,"column":0},"end":{"line":23,"column":38}},"12":{"start":{"line":25,"column":13},"end":{"line":25,"column":37}},"13":{"start":{"line":27,"column":0},"end":{"line":27,"column":63}},"14":{"start":{"line":27,"column":37},"end":{"line":27,"column":61}},"15":{"start":{"line":29,"column":0},"end":{"line":29,"column":78}},"16":{"start":{"line":29,"column":23},"end":{"line":29,"column":76}},"17":{"start":{"line":31,"column":0},"end":{"line":31,"column":21}}},"fnMap":{"0":{"name":"(anonymous_0)","decl":{"start":{"line":27,"column":23},"end":{"line":27,"column":24}},"loc":{"start":{"line":27,"column":37},"end":{"line":27,"column":61}},"line":27},"1":{"name":"(anonymous_1)","decl":{"start":{"line":29,"column":17},"end":{"line":29,"column":18}},"loc":{"start":{"line":29,"column":23},"end":{"line":29,"column":76}},"line":29}},"branchMap":{"0":{"loc":{"start":{"line":25,"column":13},"end":{"line":25,"column":37}},"type":"binary-expr","locations":[{"start":{"line":25,"column":13},"end":{"line":25,"column":29}},{"start":{"line":25,"column":33},"end":{"line":25,"column":37}}],"line":25}},"s":{"0":1,"1":1,"2":1,"3":1,"4":1,"5":1,"6":1,"7":1,"8":1,"9":1,"10":1,"11":1,"12":1,"13":1,"14":0,"15":1,"16":1,"17":1},"f":{"0":0,"1":1},"b":{"0":[1,1]},"_coverageSchema":"1a1c01bbd47fc00a2c39e90264f33305004495a9","hash":"9bd906e4fabccb2a257a5fc645d5e7df93c715b9","contentHash":"ae5586b9b297f6b90038a4a104809925cfa6a9095dd72dd8c6599eacc7b2d8f3"},"C:\\Users\\Maqui\\Desktop\\statogale\\projects\\api\\andela\\wayfarer\\routes\\auth.js":{"path":"C:\\Users\\Maqui\\Desktop\\statogale\\projects\\api\\andela\\wayfarer\\routes\\auth.js","statementMap":{"0":{"start":{"line":2,"column":15},"end":{"line":2,"column":48}},"1":{"start":{"line":3,"column":23},"end":{"line":3,"column":65}},"2":{"start":{"line":8,"column":4},"end":{"line":8,"column":43}},"3":{"start":{"line":12,"column":4},"end":{"line":12,"column":38}},"4":{"start":{"line":15,"column":15},"end":{"line":15,"column":27}},"5":{"start":{"line":18,"column":0},"end":{"line":22,"column":3}},"6":{"start":{"line":19,"column":18},"end":{"line":19,"column":48}},"7":{"start":{"line":20,"column":2},"end":{"line":20,"column":29}},"8":{"start":{"line":21,"column":2},"end":{"line":21,"column":9}},"9":{"start":{"line":24,"column":0},"end":{"line":28,"column":3}},"10":{"start":{"line":25,"column":18},"end":{"line":25,"column":48}},"11":{"start":{"line":26,"column":2},"end":{"line":26,"column":29}},"12":{"start":{"line":27,"column":2},"end":{"line":27,"column":9}},"13":{"start":{"line":31,"column":0},"end":{"line":31,"column":51}},"14":{"start":{"line":32,"column":0},"end":{"line":32,"column":51}},"15":{"start":{"line":34,"column":0},"end":{"line":34,"column":24}}},"fnMap":{"0":{"name":"(anonymous_0)","decl":{"start":{"line":18,"column":28},"end":{"line":18,"column":29}},"loc":{"start":{"line":18,"column":48},"end":{"line":22,"column":1}},"line":18},"1":{"name":"(anonymous_1)","decl":{"start":{"line":24,"column":28},"end":{"line":24,"column":29}},"loc":{"start":{"line":24,"column":48},"end":{"line":28,"column":1}},"line":24}},"branchMap":{},"s":{"0":1,"1":1,"2":1,"3":1,"4":1,"5":1,"6":1,"7":1,"8":1,"9":1,"10":4,"11":4,"12":4,"13":1,"14":1,"15":1},"f":{"0":1,"1":4},"b":{},"_coverageSchema":"1a1c01bbd47fc00a2c39e90264f33305004495a9","hash":"dd74874f92878a90ed2e74118e9f801dead40ab1","contentHash":"f1197077e7b195d0acf83469125663a66e439fe6e6772fc1bb0a925e216e84a5"},"C:\\Users\\Maqui\\Desktop\\statogale\\projects\\api\\andela\\wayfarer\\routes\\trips.js":{"path":"C:\\Users\\Maqui\\Desktop\\statogale\\projects\\api\\andela\\wayfarer\\routes\\trips.js","statementMap":{"0":{"start":{"line":1,"column":15},"end":{"line":1,"column":48}},"1":{"start":{"line":3,"column":23},"end":{"line":3,"column":65}},"2":{"start":{"line":8,"column":4},"end":{"line":8,"column":46}},"3":{"start":{"line":13,"column":4},"end":{"line":13,"column":43}},"4":{"start":{"line":17,"column":4},"end":{"line":17,"column":38}},"5":{"start":{"line":19,"column":15},"end":{"line":19,"column":23}},"6":{"start":{"line":22,"column":24},"end":{"line":41,"column":1}},"7":{"start":{"line":24,"column":2},"end":{"line":39,"column":3}},"8":{"start":{"line":26,"column":6},"end":{"line":26,"column":45}},"9":{"start":{"line":27,"column":6},"end":{"line":27,"column":33}},"10":{"start":{"line":28,"column":6},"end":{"line":28,"column":12}},"11":{"start":{"line":30,"column":6},"end":{"line":30,"column":51}},"12":{"start":{"line":31,"column":6},"end":{"line":31,"column":33}},"13":{"start":{"line":32,"column":6},"end":{"line":32,"column":12}},"14":{"start":{"line":34,"column":6},"end":{"line":34,"column":45}},"15":{"start":{"line":35,"column":6},"end":{"line":35,"column":33}},"16":{"start":{"line":36,"column":6},"end":{"line":36,"column":12}},"17":{"start":{"line":38,"column":6},"end":{"line":38,"column":12}},"18":{"start":{"line":40,"column":2},"end":{"line":40,"column":9}},"19":{"start":{"line":43,"column":0},"end":{"line":43,"column":65}},"20":{"start":{"line":44,"column":0},"end":{"line":44,"column":58}},"21":{"start":{"line":45,"column":0},"end":{"line":45,"column":46}},"22":{"start":{"line":46,"column":0},"end":{"line":46,"column":67}},"23":{"start":{"line":49,"column":0},"end":{"line":49,"column":24}}},"fnMap":{"0":{"name":"(anonymous_0)","decl":{"start":{"line":22,"column":24},"end":{"line":22,"column":25}},"loc":{"start":{"line":22,"column":44},"end":{"line":41,"column":1}},"line":22}},"branchMap":{"0":{"loc":{"start":{"line":24,"column":2},"end":{"line":39,"column":3}},"type":"switch","locations":[{"start":{"line":25,"column":4},"end":{"line":28,"column":12}},{"start":{"line":29,"column":4},"end":{"line":32,"column":12}},{"start":{"line":33,"column":4},"end":{"line":36,"column":12}},{"start":{"line":37,"column":4},"end":{"line":38,"column":12}}],"line":24}},"s":{"0":1,"1":1,"2":1,"3":1,"4":1,"5":1,"6":1,"7":1,"8":1,"9":1,"10":1,"11":0,"12":0,"13":0,"14":0,"15":0,"16":0,"17":0,"18":1,"19":1,"20":1,"21":1,"22":1,"23":1},"f":{"0":1},"b":{"0":[1,0,0,0]},"_coverageSchema":"1a1c01bbd47fc00a2c39e90264f33305004495a9","hash":"1ebbb260614f612193014e33a5bc712b97cb6054","contentHash":"12a53879ef9c432a39c2aee8c6131e7192da18a4c1dce7efdc87e696a8bec6c2"},"C:\\Users\\Maqui\\Desktop\\statogale\\projects\\api\\andela\\wayfarer\\controllers\\tripController.js":{"path":"C:\\Users\\Maqui\\Desktop\\statogale\\projects\\api\\andela\\wayfarer\\controllers\\tripController.js","statementMap":{"0":{"start":{"line":1,"column":23},"end":{"line":1,"column":64}},"1":{"start":{"line":8,"column":4},"end":{"line":8,"column":38}},"2":{"start":{"line":12,"column":4},"end":{"line":17,"column":5}},"3":{"start":{"line":13,"column":21},"end":{"line":13,"column":62}},"4":{"start":{"line":14,"column":6},"end":{"line":14,"column":40}},"5":{"start":{"line":16,"column":6},"end":{"line":16,"column":45}},"6":{"start":{"line":21,"column":4},"end":{"line":49,"column":5}},"7":{"start":{"line":24,"column":10},"end":{"line":24,"column":13}},"8":{"start":{"line":26,"column":6},"end":{"line":45,"column":7}},"9":{"start":{"line":27,"column":8},"end":{"line":27,"column":44}},"10":{"start":{"line":32,"column":12},"end":{"line":32,"column":17}},"11":{"start":{"line":33,"column":8},"end":{"line":35,"column":9}},"12":{"start":{"line":34,"column":10},"end":{"line":34,"column":70}},"13":{"start":{"line":36,"column":8},"end":{"line":38,"column":9}},"14":{"start":{"line":37,"column":10},"end":{"line":37,"column":80}},"15":{"start":{"line":39,"column":8},"end":{"line":44,"column":9}},"16":{"start":{"line":40,"column":10},"end":{"line":43,"column":13}},"17":{"start":{"line":46,"column":6},"end":{"line":46,"column":40}},"18":{"start":{"line":48,"column":6},"end":{"line":48,"column":45}},"19":{"start":{"line":53,"column":4},"end":{"line":71,"column":5}},"20":{"start":{"line":55,"column":21},"end":{"line":59,"column":8}},"21":{"start":{"line":60,"column":6},"end":{"line":65,"column":9}},"22":{"start":{"line":67,"column":6},"end":{"line":70,"column":9}},"23":{"start":{"line":74,"column":2},"end":{"line":78,"column":5}},"24":{"start":{"line":81,"column":0},"end":{"line":81,"column":32}}},"fnMap":{"0":{"name":"tripController","decl":{"start":{"line":10,"column":9},"end":{"line":10,"column":23}},"loc":{"start":{"line":10,"column":26},"end":{"line":79,"column":1}},"line":10},"1":{"name":"createTrip","decl":{"start":{"line":11,"column":17},"end":{"line":11,"column":27}},"loc":{"start":{"line":11,"column":38},"end":{"line":18,"column":3}},"line":11},"2":{"name":"getTrips","decl":{"start":{"line":20,"column":17},"end":{"line":20,"column":25}},"loc":{"start":{"line":20,"column":36},"end":{"line":50,"column":3}},"line":20},"3":{"name":"cancelTrip","decl":{"start":{"line":52,"column":17},"end":{"line":52,"column":27}},"loc":{"start":{"line":52,"column":38},"end":{"line":72,"column":3}},"line":52}},"branchMap":{"0":{"loc":{"start":{"line":26,"column":6},"end":{"line":45,"column":7}},"type":"if","locations":[{"start":{"line":26,"column":6},"end":{"line":45,"column":7}},{"start":{"line":26,"column":6},"end":{"line":45,"column":7}}],"line":26},"1":{"loc":{"start":{"line":33,"column":8},"end":{"line":35,"column":9}},"type":"if","locations":[{"start":{"line":33,"column":8},"end":{"line":35,"column":9}},{"start":{"line":33,"column":8},"end":{"line":35,"column":9}}],"line":33},"2":{"loc":{"start":{"line":36,"column":8},"end":{"line":38,"column":9}},"type":"if","locations":[{"start":{"line":36,"column":8},"end":{"line":38,"column":9}},{"start":{"line":36,"column":8},"end":{"line":38,"column":9}}],"line":36},"3":{"loc":{"start":{"line":39,"column":8},"end":{"line":44,"column":9}},"type":"if","locations":[{"start":{"line":39,"column":8},"end":{"line":44,"column":9}},{"start":{"line":39,"column":8},"end":{"line":44,"column":9}}],"line":39},"4":{"loc":{"start":{"line":39,"column":12},"end":{"line":39,"column":33}},"type":"binary-expr","locations":[{"start":{"line":39,"column":12},"end":{"line":39,"column":18}},{"start":{"line":39,"column":22},"end":{"line":39,"column":33}}],"line":39}},"s":{"0":1,"1":1,"2":0,"3":0,"4":0,"5":0,"6":1,"7":1,"8":1,"9":1,"10":0,"11":0,"12":0,"13":0,"14":0,"15":0,"16":0,"17":1,"18":0,"19":0,"20":0,"21":0,"22":0,"23":1,"24":1},"f":{"0":1,"1":0,"2":1,"3":0},"b":{"0":[1,0],"1":[0,0],"2":[0,0],"3":[0,0],"4":[0,0]},"_coverageSchema":"1a1c01bbd47fc00a2c39e90264f33305004495a9","hash":"d6d92ef3b0153a693c18f02184fba88c37a175e5","contentHash":"a0fafa85978554e43e3e5a00d8045478fdc734d7548f61da0f6ca8c8d93f5dba"},"C:\\Users\\Maqui\\Desktop\\statogale\\projects\\api\\andela\\wayfarer\\repositories\\tripRepository.js":{"path":"C:\\Users\\Maqui\\Desktop\\statogale\\projects\\api\\andela\\wayfarer\\repositories\\tripRepository.js","statementMap":{"0":{"start":{"line":1,"column":15},"end":{"line":1,"column":42}},"1":{"start":{"line":2,"column":25},"end":{"line":2,"column":54}},"2":{"start":{"line":3,"column":22},"end":{"line":3,"column":48}},"3":{"start":{"line":19,"column":4},"end":{"line":19,"column":29}},"4":{"start":{"line":20,"column":4},"end":{"line":20,"column":23}},"5":{"start":{"line":24,"column":4},"end":{"line":30,"column":7}},"6":{"start":{"line":25,"column":6},"end":{"line":29,"column":9}},"7":{"start":{"line":26,"column":24},"end":{"line":26,"column":28}},"8":{"start":{"line":27,"column":8},"end":{"line":27,"column":76}},"9":{"start":{"line":28,"column":8},"end":{"line":28,"column":23}},"10":{"start":{"line":41,"column":8},"end":{"line":41,"column":12}},"11":{"start":{"line":42,"column":4},"end":{"line":50,"column":7}},"12":{"start":{"line":54,"column":18},"end":{"line":54,"column":45}},"13":{"start":{"line":55,"column":4},"end":{"line":55,"column":45}},"14":{"start":{"line":55,"column":32},"end":{"line":55,"column":43}},"15":{"start":{"line":59,"column":18},"end":{"line":59,"column":45}},"16":{"start":{"line":60,"column":4},"end":{"line":60,"column":44}},"17":{"start":{"line":60,"column":32},"end":{"line":60,"column":42}},"18":{"start":{"line":64,"column":17},"end":{"line":64,"column":44}},"19":{"start":{"line":65,"column":4},"end":{"line":65,"column":22}},"20":{"start":{"line":70,"column":4},"end":{"line":72,"column":5}},"21":{"start":{"line":71,"column":6},"end":{"line":71,"column":70}},"22":{"start":{"line":73,"column":21},"end":{"line":79,"column":6}},"23":{"start":{"line":74,"column":6},"end":{"line":77,"column":7}},"24":{"start":{"line":76,"column":8},"end":{"line":76,"column":32}},"25":{"start":{"line":78,"column":6},"end":{"line":78,"column":18}},"26":{"start":{"line":80,"column":4},"end":{"line":80,"column":20}},"27":{"start":{"line":84,"column":18},"end":{"line":84,"column":45}},"28":{"start":{"line":85,"column":19},"end":{"line":85,"column":67}},"29":{"start":{"line":85,"column":38},"end":{"line":85,"column":66}},"30":{"start":{"line":86,"column":4},"end":{"line":86,"column":24}},"31":{"start":{"line":90,"column":4},"end":{"line":90,"column":31}},"32":{"start":{"line":94,"column":17},"end":{"line":94,"column":44}},"33":{"start":{"line":95,"column":4},"end":{"line":95,"column":29}},"34":{"start":{"line":99,"column":21},"end":{"line":99,"column":51}},"35":{"start":{"line":100,"column":18},"end":{"line":100,"column":48}},"36":{"start":{"line":101,"column":4},"end":{"line":101,"column":39}},"37":{"start":{"line":105,"column":0},"end":{"line":105,"column":68}}},"fnMap":{"0":{"name":"(anonymous_0)","decl":{"start":{"line":18,"column":2},"end":{"line":18,"column":3}},"loc":{"start":{"line":18,"column":42},"end":{"line":21,"column":3}},"line":18},"1":{"name":"(anonymous_1)","decl":{"start":{"line":23,"column":2},"end":{"line":23,"column":3}},"loc":{"start":{"line":23,"column":8},"end":{"line":31,"column":3}},"line":23},"2":{"name":"(anonymous_2)","decl":{"start":{"line":24,"column":28},"end":{"line":24,"column":29}},"loc":{"start":{"line":24,"column":42},"end":{"line":30,"column":5}},"line":24},"3":{"name":"(anonymous_3)","decl":{"start":{"line":25,"column":26},"end":{"line":25,"column":27}},"loc":{"start":{"line":25,"column":36},"end":{"line":29,"column":7}},"line":25},"4":{"name":"(anonymous_4)","decl":{"start":{"line":33,"column":2},"end":{"line":33,"column":3}},"loc":{"start":{"line":33,"column":25},"end":{"line":51,"column":3}},"line":33},"5":{"name":"(anonymous_5)","decl":{"start":{"line":53,"column":2},"end":{"line":53,"column":3}},"loc":{"start":{"line":53,"column":31},"end":{"line":56,"column":3}},"line":53},"6":{"name":"(anonymous_6)","decl":{"start":{"line":55,"column":24},"end":{"line":55,"column":25}},"loc":{"start":{"line":55,"column":32},"end":{"line":55,"column":43}},"line":55},"7":{"name":"(anonymous_7)","decl":{"start":{"line":58,"column":2},"end":{"line":58,"column":3}},"loc":{"start":{"line":58,"column":28},"end":{"line":61,"column":3}},"line":58},"8":{"name":"(anonymous_8)","decl":{"start":{"line":60,"column":24},"end":{"line":60,"column":25}},"loc":{"start":{"line":60,"column":32},"end":{"line":60,"column":42}},"line":60},"9":{"name":"(anonymous_9)","decl":{"start":{"line":63,"column":2},"end":{"line":63,"column":3}},"loc":{"start":{"line":63,"column":25},"end":{"line":66,"column":3}},"line":63},"10":{"name":"(anonymous_10)","decl":{"start":{"line":69,"column":2},"end":{"line":69,"column":3}},"loc":{"start":{"line":69,"column":33},"end":{"line":81,"column":3}},"line":69},"11":{"name":"(anonymous_11)","decl":{"start":{"line":73,"column":31},"end":{"line":73,"column":32}},"loc":{"start":{"line":73,"column":41},"end":{"line":79,"column":5}},"line":73},"12":{"name":"(anonymous_12)","decl":{"start":{"line":83,"column":2},"end":{"line":83,"column":3}},"loc":{"start":{"line":83,"column":40},"end":{"line":87,"column":3}},"line":83},"13":{"name":"(anonymous_13)","decl":{"start":{"line":85,"column":30},"end":{"line":85,"column":31}},"loc":{"start":{"line":85,"column":38},"end":{"line":85,"column":66}},"line":85},"14":{"name":"(anonymous_14)","decl":{"start":{"line":89,"column":2},"end":{"line":89,"column":3}},"loc":{"start":{"line":89,"column":15},"end":{"line":91,"column":3}},"line":89},"15":{"name":"(anonymous_15)","decl":{"start":{"line":93,"column":2},"end":{"line":93,"column":3}},"loc":{"start":{"line":93,"column":29},"end":{"line":96,"column":3}},"line":93},"16":{"name":"(anonymous_16)","decl":{"start":{"line":98,"column":2},"end":{"line":98,"column":3}},"loc":{"start":{"line":98,"column":41},"end":{"line":102,"column":3}},"line":98}},"branchMap":{"0":{"loc":{"start":{"line":27,"column":33},"end":{"line":27,"column":75}},"type":"cond-expr","locations":[{"start":{"line":27,"column":53},"end":{"line":27,"column":61}},{"start":{"line":27,"column":64},"end":{"line":27,"column":75}}],"line":27},"1":{"loc":{"start":{"line":70,"column":4},"end":{"line":72,"column":5}},"type":"if","locations":[{"start":{"line":70,"column":4},"end":{"line":72,"column":5}},{"start":{"line":70,"column":4},"end":{"line":72,"column":5}}],"line":70},"2":{"loc":{"start":{"line":70,"column":10},"end":{"line":70,"column":72}},"type":"binary-expr","locations":[{"start":{"line":70,"column":10},"end":{"line":70,"column":42}},{"start":{"line":70,"column":46},"end":{"line":70,"column":72}}],"line":70},"3":{"loc":{"start":{"line":74,"column":6},"end":{"line":77,"column":7}},"type":"if","locations":[{"start":{"line":74,"column":6},"end":{"line":77,"column":7}},{"start":{"line":74,"column":6},"end":{"line":77,"column":7}}],"line":74}},"s":{"0":1,"1":1,"2":1,"3":1,"4":1,"5":2,"6":2,"7":3,"8":3,"9":3,"10":0,"11":0,"12":1,"13":1,"14":2,"15":3,"16":3,"17":8,"18":21,"19":21,"20":7,"21":0,"22":7,"23":20,"24":7,"25":20,"26":7,"27":10,"28":10,"29":13,"30":10,"31":6,"32":3,"33":3,"34":2,"35":2,"36":2,"37":1},"f":{"0":1,"1":2,"2":2,"3":3,"4":0,"5":1,"6":2,"7":3,"8":8,"9":21,"10":7,"11":20,"12":10,"13":13,"14":6,"15":3,"16":2},"b":{"0":[3,0],"1":[0,7],"2":[7,7],"3":[7,13]},"_coverageSchema":"1a1c01bbd47fc00a2c39e90264f33305004495a9","hash":"f76987865e84dd0dab1b044062ef1987a03b785e","contentHash":"387b59db0bddf3bb3e868341048d6ab285da289c869fd3ed45be30648ed98add"},"C:\\Users\\Maqui\\Desktop\\statogale\\projects\\api\\andela\\wayfarer\\repositories\\busRepository.js":{"path":"C:\\Users\\Maqui\\Desktop\\statogale\\projects\\api\\andela\\wayfarer\\repositories\\busRepository.js","statementMap":{"0":{"start":{"line":1,"column":15},"end":{"line":1,"column":42}},"1":{"start":{"line":2,"column":25},"end":{"line":2,"column":54}},"2":{"start":{"line":6,"column":16},"end":{"line":6,"column":42}},"3":{"start":{"line":7,"column":4},"end":{"line":7,"column":24}},"4":{"start":{"line":11,"column":18},"end":{"line":11,"column":20}},"5":{"start":{"line":12,"column":4},"end":{"line":17,"column":5}},"6":{"start":{"line":12,"column":21},"end":{"line":12,"column":22}},"7":{"start":{"line":13,"column":6},"end":{"line":16,"column":9}},"8":{"start":{"line":18,"column":4},"end":{"line":18,"column":17}},"9":{"start":{"line":35,"column":0},"end":{"line":35,"column":50}}},"fnMap":{"0":{"name":"(anonymous_0)","decl":{"start":{"line":5,"column":2},"end":{"line":5,"column":3}},"loc":{"start":{"line":5,"column":24},"end":{"line":8,"column":3}},"line":5},"1":{"name":"(anonymous_1)","decl":{"start":{"line":10,"column":2},"end":{"line":10,"column":3}},"loc":{"start":{"line":10,"column":27},"end":{"line":19,"column":3}},"line":10}},"branchMap":{},"s":{"0":1,"1":1,"2":2,"3":2,"4":6,"5":6,"6":6,"7":11,"8":6,"9":1},"f":{"0":2,"1":6},"b":{},"_coverageSchema":"1a1c01bbd47fc00a2c39e90264f33305004495a9","hash":"17d4a63b120db9b7b75e53ac924a12c5187b15cf","contentHash":"3bd71961f9a639d4c9514ec6750b89c2e39f4c13129436bc14b1e8d05a95f33d"},"C:\\Users\\Maqui\\Desktop\\statogale\\projects\\api\\andela\\wayfarer\\middlewares\\routeMiddlewares.js":{"path":"C:\\Users\\Maqui\\Desktop\\statogale\\projects\\api\\andela\\wayfarer\\middlewares\\routeMiddlewares.js","statementMap":{"0":{"start":{"line":1,"column":12},"end":{"line":1,"column":35}},"1":{"start":{"line":5,"column":4},"end":{"line":5,"column":38}},"2":{"start":{"line":9,"column":4},"end":{"line":9,"column":36}},"3":{"start":{"line":12,"column":19},"end":{"line":22,"column":1}},"4":{"start":{"line":13,"column":17},"end":{"line":13,"column":42}},"5":{"start":{"line":14,"column":2},"end":{"line":21,"column":3}},"6":{"start":{"line":15,"column":19},"end":{"line":15,"column":36}},"7":{"start":{"line":16,"column":18},"end":{"line":16,"column":27}},"8":{"start":{"line":17,"column":4},"end":{"line":17,"column":27}},"9":{"start":{"line":18,"column":4},"end":{"line":18,"column":11}},"10":{"start":{"line":20,"column":4},"end":{"line":20,"column":66}},"11":{"start":{"line":25,"column":20},"end":{"line":42,"column":1}},"12":{"start":{"line":26,"column":2},"end":{"line":41,"column":3}},"13":{"start":{"line":29,"column":8},"end":{"line":29,"column":46}},"14":{"start":{"line":32,"column":4},"end":{"line":32,"column":81}},"15":{"start":{"line":33,"column":4},"end":{"line":37,"column":5}},"16":{"start":{"line":34,"column":6},"end":{"line":34,"column":38}},"17":{"start":{"line":36,"column":6},"end":{"line":36,"column":39}},"18":{"start":{"line":38,"column":4},"end":{"line":38,"column":11}},"19":{"start":{"line":40,"column":4},"end":{"line":40,"column":41}},"20":{"start":{"line":44,"column":16},"end":{"line":50,"column":1}},"21":{"start":{"line":45,"column":2},"end":{"line":49,"column":3}},"22":{"start":{"line":46,"column":4},"end":{"line":46,"column":11}},"23":{"start":{"line":48,"column":4},"end":{"line":48,"column":41}},"24":{"start":{"line":52,"column":0},"end":{"line":56,"column":2}}},"fnMap":{"0":{"name":"(anonymous_0)","decl":{"start":{"line":12,"column":19},"end":{"line":12,"column":20}},"loc":{"start":{"line":12,"column":39},"end":{"line":22,"column":1}},"line":12},"1":{"name":"(anonymous_1)","decl":{"start":{"line":25,"column":20},"end":{"line":25,"column":21}},"loc":{"start":{"line":25,"column":40},"end":{"line":42,"column":1}},"line":25},"2":{"name":"(anonymous_2)","decl":{"start":{"line":44,"column":16},"end":{"line":44,"column":17}},"loc":{"start":{"line":44,"column":36},"end":{"line":50,"column":1}},"line":44}},"branchMap":{"0":{"loc":{"start":{"line":14,"column":2},"end":{"line":21,"column":3}},"type":"if","locations":[{"start":{"line":14,"column":2},"end":{"line":21,"column":3}},{"start":{"line":14,"column":2},"end":{"line":21,"column":3}}],"line":14},"1":{"loc":{"start":{"line":32,"column":4},"end":{"line":32,"column":80}},"type":"binary-expr","locations":[{"start":{"line":32,"column":5},"end":{"line":32,"column":34}},{"start":{"line":32,"column":39},"end":{"line":32,"column":80}}],"line":32},"2":{"loc":{"start":{"line":33,"column":4},"end":{"line":37,"column":5}},"type":"if","locations":[{"start":{"line":33,"column":4},"end":{"line":37,"column":5}},{"start":{"line":33,"column":4},"end":{"line":37,"column":5}}],"line":33},"3":{"loc":{"start":{"line":45,"column":2},"end":{"line":49,"column":3}},"type":"if","locations":[{"start":{"line":45,"column":2},"end":{"line":49,"column":3}},{"start":{"line":45,"column":2},"end":{"line":49,"column":3}}],"line":45}},"s":{"0":1,"1":1,"2":1,"3":1,"4":4,"5":4,"6":4,"7":4,"8":4,"9":4,"10":0,"11":1,"12":4,"13":4,"14":4,"15":4,"16":0,"17":4,"18":4,"19":0,"20":1,"21":0,"22":0,"23":0,"24":1},"f":{"0":4,"1":4,"2":0},"b":{"0":[4,0],"1":[4,0],"2":[0,4],"3":[0,0]},"_coverageSchema":"1a1c01bbd47fc00a2c39e90264f33305004495a9","hash":"29eb7a3ce5ddcdc8c5bce0aa0ec6d95c42d51ad9","contentHash":"45c67ca9bc9a5a54838d1ff99886f55c4a28aeeb1d84d086dca1a551c4b7533e"},"C:\\Users\\Maqui\\Desktop\\statogale\\projects\\api\\andela\\wayfarer\\validators\\tripValidators.js":{"path":"C:\\Users\\Maqui\\Desktop\\statogale\\projects\\api\\andela\\wayfarer\\validators\\tripValidators.js","statementMap":{"0":{"start":{"line":1,"column":16},"end":{"line":1,"column":35}},"1":{"start":{"line":3,"column":23},"end":{"line":6,"column":1}},"2":{"start":{"line":8,"column":33},"end":{"line":18,"column":1}},"3":{"start":{"line":9,"column":16},"end":{"line":16,"column":3}},"4":{"start":{"line":17,"column":2},"end":{"line":17,"column":46}},"5":{"start":{"line":21,"column":27},"end":{"line":27,"column":1}},"6":{"start":{"line":22,"column":16},"end":{"line":25,"column":3}},"7":{"start":{"line":26,"column":2},"end":{"line":26,"column":46}},"8":{"start":{"line":29,"column":0},"end":{"line":32,"column":2}}},"fnMap":{"0":{"name":"(anonymous_0)","decl":{"start":{"line":8,"column":33},"end":{"line":8,"column":34}},"loc":{"start":{"line":8,"column":43},"end":{"line":18,"column":1}},"line":8},"1":{"name":"(anonymous_1)","decl":{"start":{"line":21,"column":27},"end":{"line":21,"column":28}},"loc":{"start":{"line":21,"column":37},"end":{"line":27,"column":1}},"line":21}},"branchMap":{},"s":{"0":1,"1":1,"2":1,"3":1,"4":1,"5":1,"6":2,"7":2,"8":1},"f":{"0":1,"1":2},"b":{},"_coverageSchema":"1a1c01bbd47fc00a2c39e90264f33305004495a9","hash":"f6e968697e4e53e6f03f61fc9035c698252837ac","contentHash":"e53bfdb77c5424b110d98bcd839323058f50b72ef267a206bd818a2240b61db7"},"C:\\Users\\Maqui\\Desktop\\statogale\\projects\\api\\andela\\wayfarer\\routes\\bookings.js":{"path":"C:\\Users\\Maqui\\Desktop\\statogale\\projects\\api\\andela\\wayfarer\\routes\\bookings.js","statementMap":{"0":{"start":{"line":1,"column":15},"end":{"line":1,"column":48}},"1":{"start":{"line":3,"colum
[...]
line":59,"column":19},"end":{"line":64,"column":18}},"22":{"start":{"line":66,"column":4},"end":{"line":66,"column":47}},"23":{"start":{"line":68,"column":20},"end":{"line":68,"column":36}},"24":{"start":{"line":70,"column":4},"end":{"line":70,"column":47}},"25":{"start":{"line":71,"column":4},"end":{"line":71,"column":45}},"26":{"start":{"line":73,"column":22},"end":{"line":73,"column":89}},"27":{"start":{"line":75,"column":4},"end":{"line":75,"column":35}},"28":{"start":{"line":77,"column":4},"end":{"line":77,"column":90}},"29":{"start":{"line":79,"column":4},"end":{"line":79,"column":51}},"30":{"start":{"line":81,"column":18},"end":{"line":81,"column":61}},"31":{"start":{"line":83,"column":21},"end":{"line":86,"column":6}},"32":{"start":{"line":87,"column":17},"end":{"line":91,"column":6}},"33":{"start":{"line":93,"column":4},"end":{"line":93,"column":81}},"34":{"start":{"line":95,"column":4},"end":{"line":95,"column":36}},"35":{"start":{"line":98,"column":2},"end":{"line":161,"column":5}},"36":{"start":{"line":100,"column":26},"end":{"line":100,"column":48}},"37":{"start":{"line":102,"column":17},"end":{"line":107,"column":5}},"38":{"start":{"line":110,"column":19},"end":{"line":115,"column":18}},"39":{"start":{"line":117,"column":4},"end":{"line":117,"column":47}},"40":{"start":{"line":119,"column":20},"end":{"line":119,"column":36}},"41":{"start":{"line":121,"column":4},"end":{"line":121,"column":40}},"42":{"start":{"line":122,"column":4},"end":{"line":122,"column":47}},"43":{"start":{"line":124,"column":22},"end":{"line":124,"column":89}},"44":{"start":{"line":125,"column":4},"end":{"line":125,"column":35}},"45":{"start":{"line":127,"column":20},"end":{"line":131,"column":5}},"46":{"start":{"line":133,"column":22},"end":{"line":138,"column":18}},"47":{"start":{"line":140,"column":4},"end":{"line":140,"column":50}},"48":{"start":{"line":141,"column":4},"end":{"line":141,"column":74}},"49":{"start":{"line":143,"column":4},"end":{"line":143,"column":86}},"50":{"start":{"line":144,"column":4},"end":{"line":144,"column":36}},"51":{"start":{"line":146,"column":4},"end":{"line":146,"column":95}},"52":{"start":{"line":149,"column":18},"end":{"line":149,"column":61}},"53":{"start":{"line":150,"column":21},"end":{"line":153,"column":6}},"54":{"start":{"line":154,"column":4},"end":{"line":158,"column":7}},"55":{"start":{"line":159,"column":4},"end":{"line":159,"column":96}},"56":{"start":{"line":160,"column":4},"end":{"line":160,"column":51}}},"fnMap":{"0":{"name":"(anonymous_0)","decl":{"start":{"line":10,"column":48},"end":{"line":10,"column":49}},"loc":{"start":{"line":10,"column":54},"end":{"line":162,"column":1}},"line":10},"1":{"name":"(anonymous_1)","decl":{"start":{"line":17,"column":13},"end":{"line":17,"column":14}},"loc":{"start":{"line":17,"column":25},"end":{"line":24,"column":3}},"line":17},"2":{"name":"(anonymous_2)","decl":{"start":{"line":26,"column":39},"end":{"line":26,"column":40}},"loc":{"start":{"line":26,"column":45},"end":{"line":28,"column":3}},"line":26},"3":{"name":"(anonymous_3)","decl":{"start":{"line":30,"column":91},"end":{"line":30,"column":92}},"loc":{"start":{"line":30,"column":103},"end":{"line":47,"column":3}},"line":30},"4":{"name":"(anonymous_4)","decl":{"start":{"line":49,"column":83},"end":{"line":49,"column":84}},"loc":{"start":{"line":49,"column":95},"end":{"line":96,"column":3}},"line":49},"5":{"name":"(anonymous_5)","decl":{"start":{"line":98,"column":43},"end":{"line":98,"column":44}},"loc":{"start":{"line":98,"column":55},"end":{"line":161,"column":3}},"line":98}},"branchMap":{},"s":{"0":1,"1":1,"2":1,"3":1,"4":1,"5":1,"6":1,"7":1,"8":4,"9":4,"10":1,"11":1,"12":1,"13":1,"14":1,"15":1,"16":1,"17":1,"18":1,"19":1,"20":1,"21":1,"22":1,"23":1,"24":1,"25":1,"26":1,"27":1,"28":1,"29":1,"30":1,"31":1,"32":1,"33":1,"34":1,"35":1,"36":1,"37":1,"38":1,"39":1,"40":1,"41":1,"42":1,"43":1,"44":1,"45":1,"46":1,"47":1,"48":1,"49":1,"50":1,"51":1,"52":1,"53":1,"54":1,"55":1,"56":1},"f":{"0":1,"1":4,"2":1,"3":1,"4":1,"5":1},"b":{},"_coverageSchema":"1a1c01bbd47fc00a2c39e90264f33305004495a9","hash":"f8d87dfa7c120e0d04be2af8759ea49aaba65971","contentHash":"4d25a970c859f762819a4d3f494098e7cee7bc53cbd14f8114bb1ff8ec156a58"},"C:\\Users\\Maqui\\Desktop\\statogale\\projects\\api\\andela\\wayfarer\\spec\\queryBuilder.spec.js":{"path":"C:\\Users\\Maqui\\Desktop\\statogale\\projects\\api\\andela\\wayfarer\\spec\\queryBuilder.spec.js","statementMap":{"0":{"start":{"line":1,"column":21},"end":{"line":1,"column":48}},"1":{"start":{"line":3,"column":0},"end":{"line":70,"column":3}},"2":{"start":{"line":5,"column":2},"end":{"line":7,"column":5}},"3":{"start":{"line":6,"column":4},"end":{"line":6,"column":35}},"4":{"start":{"line":9,"column":2},"end":{"line":12,"column":5}},"5":{"start":{"line":10,"column":4},"end":{"line":10,"column":49}},"6":{"start":{"line":11,"column":4},"end":{"line":11,"column":55}},"7":{"start":{"line":14,"column":2},"end":{"line":19,"column":5}},"8":{"start":{"line":15,"column":18},"end":{"line":15,"column":29}},"9":{"start":{"line":16,"column":19},"end":{"line":16,"column":47}},"10":{"start":{"line":17,"column":4},"end":{"line":17,"column":46}},"11":{"start":{"line":18,"column":4},"end":{"line":18,"column":56}},"12":{"start":{"line":21,"column":2},"end":{"line":32,"column":5}},"13":{"start":{"line":22,"column":19},"end":{"line":22,"column":43}},"14":{"start":{"line":23,"column":19},"end":{"line":23,"column":62}},"15":{"start":{"line":24,"column":19},"end":{"line":24,"column":52}},"16":{"start":{"line":25,"column":19},"end":{"line":25,"column":51}},"17":{"start":{"line":27,"column":4},"end":{"line":27,"column":58}},"18":{"start":{"line":28,"column":4},"end":{"line":28,"column":67}},"19":{"start":{"line":30,"column":4},"end":{"line":30,"column":67}},"20":{"start":{"line":31,"column":4},"end":{"line":31,"column":66}},"21":{"start":{"line":34,"column":2},"end":{"line":42,"column":5}},"22":{"start":{"line":35,"column":19},"end":{"line":35,"column":61}},"23":{"start":{"line":36,"column":19},"end":{"line":36,"column":86}},"24":{"start":{"line":37,"column":19},"end":{"line":37,"column":85}},"25":{"start":{"line":39,"column":4},"end":{"line":39,"column":75}},"26":{"start":{"line":40,"column":4},"end":{"line":40,"column":92}},"27":{"start":{"line":41,"column":4},"end":{"line":41,"column":91}},"28":{"start":{"line":44,"column":2},"end":{"line":52,"column":5}},"29":{"start":{"line":45,"column":19},"end":{"line":45,"column":62}},"30":{"start":{"line":46,"column":19},"end":{"line":46,"column":52}},"31":{"start":{"line":47,"column":19},"end":{"line":47,"column":51}},"32":{"start":{"line":49,"column":4},"end":{"line":49,"column":61}},"33":{"start":{"line":50,"column":4},"end":{"line":50,"column":66}},"34":{"start":{"line":51,"column":4},"end":{"line":51,"column":65}},"35":{"start":{"line":54,"column":2},"end":{"line":57,"column":5}},"36":{"start":{"line":55,"column":18},"end":{"line":55,"column":49}},"37":{"start":{"line":56,"column":4},"end":{"line":56,"column":83}},"38":{"start":{"line":59,"column":2},"end":{"line":69,"column":5}},"39":{"start":{"line":60,"column":19},"end":{"line":60,"column":65}},"40":{"start":{"line":61,"column":19},"end":{"line":61,"column":80}},"41":{"start":{"line":62,"column":19},"end":{"line":62,"column":89}},"42":{"start":{"line":63,"column":19},"end":{"line":63,"column":88}},"43":{"start":{"line":65,"column":4},"end":{"line":65,"column":75}},"44":{"start":{"line":66,"column":4},"end":{"line":66,"column":86}},"45":{"start":{"line":67,"column":4},"end":{"line":67,"column":95}},"46":{"start":{"line":68,"column":4},"end":{"line":68,"column":94}}},"fnMap":{"0":{"name":"(anonymous_0)","decl":{"start":{"line":3,"column":30},"end":{"line":3,"column":31}},"loc":{"start":{"line":3,"column":36},"end":{"line":70,"column":1}},"line":3},"1":{"name":"(anonymous_1)","decl":{"start":{"line":5,"column":13},"end":{"line":5,"column":14}},"loc":{"start":{"line":5,"column":19},"end":{"line":7,"column":3}},"line":5},"2":{"name":"(anonymous_2)","decl":{"start":{"line":9,"column":41},"end":{"line":9,"column":42}},"loc":{"start":{"line":9,"column":47},"end":{"line":12,"column":3}},"line":9},"3":{"name":"(anonymous_3)","decl":{"start":{"line":14,"column":69},"end":{"line":14,"column":70}},"loc":{"start":{"line":14,"column":75},"end":{"line":19,"column":3}},"line":14},"4":{"name":"(anonymous_4)","decl":{"start":{"line":21,"column":70},"end":{"line":21,"column":71}},"loc":{"start":{"line":21,"column":76},"end":{"line":32,"column":3}},"line":21},"5":{"name":"(anonymous_5)","decl":{"start":{"line":34,"column":53},"end":{"line":34,"column":54}},"loc":{"start":{"line":34,"column":59},"end":{"line":42,"column":3}},"line":34},"6":{"name":"(anonymous_6)","decl":{"start":{"line":44,"column":56},"end":{"line":44,"column":57}},"loc":{"start":{"line":44,"column":62},"end":{"line":52,"column":3}},"line":44},"7":{"name":"(anonymous_7)","decl":{"start":{"line":54,"column":50},"end":{"line":54,"column":51}},"loc":{"start":{"line":54,"column":56},"end":{"line":57,"column":3}},"line":54},"8":{"name":"(anonymous_8)","decl":{"start":{"line":59,"column":56},"end":{"line":59,"column":57}},"loc":{"start":{"line":59,"column":62},"end":{"line":69,"column":3}},"line":59}},"branchMap":{},"s":{"0":1,"1":1,"2":1,"3":7,"4":1,"5":1,"6":1,"7":1,"8":1,"9":1,"10":1,"11":1,"12":1,"13":1,"14":1,"15":1,"16":1,"17":1,"18":1,"19":1,"20":1,"21":1,"22":1,"23":1,"24":1,"25":1,"26":1,"27":1,"28":1,"29":1,"30":1,"31":1,"32":1,"33":1,"34":1,"35":1,"36":1,"37":1,"38":1,"39":1,"40":1,"41":1,"42":1,"43":1,"44":1,"45":1,"46":1},"f":{"0":1,"1":7,"2":1,"3":1,"4":1,"5":1,"6":1,"7":1,"8":1},"b":{},"_coverageSchema":"1a1c01bbd47fc00a2c39e90264f33305004495a9","hash":"0a270cc8ba77b25e724719942ec458d186d3e569","contentHash":"570c3f4c150d53b749a1bb287ad67e6cec543c354213abb8db68fbe9c297db39"},"C:\\Users\\Maqui\\Desktop\\statogale\\projects\\api\\andela\\wayfarer\\spec\\trips.spec.js":{"path":"C:\\Users\\Maqui\\Desktop\\statogale\\projects\\api\\andela\\wayfarer\\spec\\trips.spec.js","statementMap":{"0":{"start":{"line":2,"column":23},"end":{"line":2,"column":64}},"1":{"start":{"line":3,"column":23},"end":{"line":3,"column":64}},"2":{"start":{"line":4,"column":22},"end":{"line":4,"column":62}},"3":{"start":{"line":6,"column":0},"end":{"line":73,"column":3}},"4":{"start":{"line":7,"column":2},"end":{"line":72,"column":5}},"5":{"start":{"line":11,"column":4},"end":{"line":27,"column":7}},"6":{"start":{"line":12,"column":20},"end":{"line":12,"column":46}},"7":{"start":{"line":13,"column":20},"end":{"line":13,"column":45}},"8":{"start":{"line":14,"column":19},"end":{"line":14,"column":59}},"9":{"start":{"line":14,"column":37},"end":{"line":14,"column":58}},"10":{"start":{"line":15,"column":6},"end":{"line":25,"column":8}},"11":{"start":{"line":26,"column":6},"end":{"line":26,"column":51}},"12":{"start":{"line":28,"column":4},"end":{"line":30,"column":7}},"13":{"start":{"line":29,"column":6},"end":{"line":29,"column":47}},"14":{"start":{"line":32,"column":4},"end":{"line":35,"column":7}},"15":{"start":{"line":33,"column":22},"end":{"line":33,"column":60}},"16":{"start":{"line":34,"column":6},"end":{"line":34,"column":39}},"17":{"start":{"line":37,"column":4},"end":{"line":41,"column":7}},"18":{"start":{"line":38,"column":20},"end":{"line":38,"column":46}},"19":{"start":{"line":40,"column":6},"end":{"line":40,"column":35}},"20":{"start":{"line":43,"column":4},"end":{"line":49,"column":7}},"21":{"start":{"line":44,"column":20},"end":{"line":44,"column":53}},"22":{"start":{"line":45,"column":6},"end":{"line":48,"column":9}},"23":{"start":{"line":51,"column":4},"end":{"line":58,"column":7}},"24":{"start":{"line":52,"column":20},"end":{"line":52,"column":58}},"25":{"start":{"line":53,"column":6},"end":{"line":53,"column":35}},"26":{"start":{"line":54,"column":20},"end":{"line":54,"column":64}},"27":{"start":{"line":55,"column":21},"end":{"line":55,"column":62}},"28":{"start":{"line":56,"column":6},"end":{"line":56,"column":35}},"29":{"start":{"line":57,"column":6},"end":{"line":57,"column":36}},"30":{"start":{"line":60,"column":4},"end":{"line":71,"column":7}},"31":{"start":{"line":61,"column":18},"end":{"line":61,"column":56}},"32":{"start":{"line":62,"column":6},"end":{"line":65,"column":9}},"33":{"start":{"line":66,"column":6},"end":{"line":69,"column":9}},"34":{"start":{"line":70,"column":6},"end":{"line":70,"column":71}}},"fnMap":{"0":{"name":"(anonymous_0)","decl":{"start":{"line":6,"column":18},"end":{"line":6,"column":19}},"loc":{"start":{"line":6,"column":24},"end":{"line":73,"column":1}},"line":6},"1":{"name":"(anonymous_1)","decl":{"start":{"line":7,"column":41},"end":{"line":7,"column":42}},"loc":{"start":{"line":7,"column":47},"end":{"line":72,"column":3}},"line":7},"2":{"name":"(anonymous_2)","decl":{"start":{"line":11,"column":15},"end":{"line":11,"column":16}},"loc":{"start":{"line":11,"column":27},"end":{"line":27,"column":5}},"line":11},"3":{"name":"(anonymous_3)","decl":{"start":{"line":14,"column":30},"end":{"line":14,"column":31}},"loc":{"start":{"line":14,"column":37},"end":{"line":14,"column":58}},"line":14},"4":{"name":"(anonymous_4)","decl":{"start":{"line":28,"column":14},"end":{"line":28,"column":15}},"loc":{"start":{"line":28,"column":26},"end":{"line":30,"column":5}},"line":28},"5":{"name":"(anonymous_5)","decl":{"start":{"line":32,"column":54},"end":{"line":32,"column":55}},"loc":{"start":{"line":32,"column":66},"end":{"line":35,"column":5}},"line":32},"6":{"name":"(anonymous_6)","decl":{"start":{"line":37,"column":28},"end":{"line":37,"column":29}},"loc":{"start":{"line":37,"column":40},"end":{"line":41,"column":5}},"line":37},"7":{"name":"(anonymous_7)","decl":{"start":{"line":43,"column":70},"end":{"line":43,"column":71}},"loc":{"start":{"line":43,"column":76},"end":{"line":49,"column":5}},"line":43},"8":{"name":"(anonymous_8)","decl":{"start":{"line":51,"column":62},"end":{"line":51,"column":63}},"loc":{"start":{"line":51,"column":74},"end":{"line":58,"column":5}},"line":51},"9":{"name":"(anonymous_9)","decl":{"start":{"line":60,"column":62},"end":{"line":60,"column":63}},"loc":{"start":{"line":60,"column":74},"end":{"line":71,"column":5}},"line":60}},"branchMap":{},"s":{"0":1,"1":1,"2":1,"3":1,"4":1,"5":1,"6":5,"7":5,"8":5,"9":5,"10":5,"11":5,"12":1,"13":5,"14":1,"15":1,"16":1,"17":1,"18":1,"19":1,"20":1,"21":1,"22":1,"23":1,"24":1,"25":1,"26":1,"27":1,"28":1,"29":1,"30":1,"31":1,"32":1,"33":1,"34":1},"f":{"0":1,"1":1,"2":5,"3":5,"4":5,"5":1,"6":1,"7":1,"8":1,"9":1},"b":{},"_coverageSchema":"1a1c01bbd47fc00a2c39e90264f33305004495a9","hash":"70d0365dfe6a3e4571808eedd8ec5810cd8a3d20","contentHash":"6fcb3ef6b4f1d2eab687fbf3ea2a4e9d8250e050bb2a5a1f6c20d1b1df0a816b"},"C:\\Users\\Maqui\\Desktop\\statogale\\projects\\api\\andela\\wayfarer\\spec\\tripValidators.spec.js":{"path":"C:\\Users\\Maqui\\Desktop\\statogale\\projects\\api\\andela\\wayfarer\\spec\\tripValidators.spec.js","statementMap":{"0":{"start":{"line":4,"column":4},"end":{"line":4,"column":43}},"1":{"start":{"line":7,"column":0},"end":{"line":35,"column":3}},"2":{"start":{"line":8,"column":2},"end":{"line":34,"column":5}},"3":{"start":{"line":10,"column":4},"end":{"line":21,"column":7}},"4":{"start":{"line":11,"column":6},"end":{"line":20,"column":8}},"5":{"start":{"line":22,"column":4},"end":{"line":29,"column":7}},"6":{"start":{"line":23,"column":6},"end":{"line":23,"column":27}},"7":{"start":{"line":24,"column":6},"end":{"line":24,"column":30}},"8":{"start":{"line":25,"column":22},"end":{"line":25,"column":56}},"9":{"start":{"line":26,"column":6},"end":{"line":26,"column":43}},"10":{"start":{"line":27,"column":6},"end":{"line":27,"column":79}},"11":{"start":{"line":28,"column":6},"end":{"line":28,"column":85}},"12":{"start":{"line":30,"column":4},"end":{"line":33,"column":7}},"13":{"start":{"line":31,"column":22},"end":{"line":31,"column":50}},"14":{"start":{"line":32,"column":6},"end":{"line":32,"column":42}}},"fnMap":{"0":{"name":"(anonymous_0)","decl":{"start":{"line":7,"column":37},"end":{"line":7,"column":38}},"loc":{"start":{"line":7,"column":43},"end":{"line":35,"column":1}},"line":7},"1":{"name":"(anonymous_1)","decl":{"start":{"line":8,"column":46},"end":{"line":8,"column":47}},"loc":{"start":{"line":8,"column":52},"end":{"line":34,"column":3}},"line":8},"2":{"name":"(anonymous_2)","decl":{"start":{"line":10,"column":15},"end":{"line":10,"column":16}},"loc":{"start":{"line":10,"column":21},"end":{"line":21,"column":5}},"line":10},"3":{"name":"(anonymous_3)","decl":{"start":{"line":22,"column":95},"end":{"line":22,"column":96}},"loc":{"start":{"line":22,"column":101},"end":{"line":29,"column":5}},"line":22},"4":{"name":"(anonymous_4)","decl":{"start":{"line":30,"column":80},"end":{"line":30,"column":81}},"loc":{"start":{"line":30,"column":86},"end":{"line":33,"column":5}},"line":30}},"branchMap":{},"s":{"0":1,"1":1,"2":1,"3":1,"4":2,"5":1,"6":1,"7":1,"8":1,"9":1,"10":1,"11":1,"12":1,"13":1,"14":1},"f":{"0":1,"1":1,"2":2,"3":1,"4":1},"b":{},"_coverageSchema":"1a1c01bbd47fc00a2c39e90264f33305004495a9","hash":"47e66ed9e1d814d17778fa932af410922674f86b","contentHash":"096ad448486e5d3b0cf1023a82cfb8bd4e46de9b174a81793ff5a691853abc44"},"C:\\Users\\Maqui\\Desktop\\statogale\\projects\\api\\andela\\wayfarer\\spec\\where.spec.js":{"path":"C:\\Users\\Maqui\\Desktop\\statogale\\projects\\api\\andela\\wayfarer\\spec\\where.spec.js","statementMap":{"0":{"start":{"line":1,"column":19},"end":{"line":1,"column":52}},"1":{"start":{"line":3,"column":0},"end":{"line":40,"column":3}},"2":{"start":{"line":5,"column":2},"end":{"line":7,"column":5}},"3":{"start":{"line":6,"column":4},"end":{"line":6,"column":19}},"4":{"start":{"line":9,"column":2},"end":{"line":13,"column":5}},"5":{"start":{"line":10,"column":4},"end":{"line":10,"column":47}},"6":{"start":{"line":11,"column":4},"end":{"line":11,"column":50}},"7":{"start":{"line":12,"column":4},"end":{"line":12,"column":49}},"8":{"start":{"line":15,"column":2},"end":{"line":20,"column":5}},"9":{"start":{"line":16,"column":18},"end":{"line":18,"column":6}},"10":{"start":{"line":19,"column":4},"end":{"line":19,"column":37}},"11":{"start":{"line":22,"column":2},"end":{"line":29,"column":5}},"12":{"start":{"line":23,"column":18},"end":{"line":27,"column":6}},"13":{"start":{"line":28,"column":4},"end":{"line":28,"column":55}},"14":{"start":{"line":31,"column":2},"end":{"line":38,"column":5}},"15":{"start":{"line":32,"column":18},"end":{"line":36,"column":6}},"16":{"start":{"line":37,"column":4},"end":{"line":37,"column":53}}},"fnMap":{"0":{"name":"(anonymous_0)","decl":{"start":{"line":3,"column":30},"end":{"line":3,"column":31}},"loc":{"start":{"line":3,"column":36},"end":{"line":40,"column":1}},"line":3},"1":{"name":"(anonymous_1)","decl":{"start":{"line":5,"column":13},"end":{"line":5,"column":14}},"loc":{"start":{"line":5,"column":19},"end":{"line":7,"column":3}},"line":5},"2":{"name":"(anonymous_2)","decl":{"start":{"line":9,"column":41},"end":{"line":9,"column":42}},"loc":{"start":{"line":9,"column":47},"end":{"line":13,"column":3}},"line":9},"3":{"name":"(anonymous_3)","decl":{"start":{"line":15,"column":63},"end":{"line":15,"column":64}},"loc":{"start":{"line":15,"column":69},"end":{"line":20,"column":3}},"line":15},"4":{"name":"(anonymous_4)","decl":{"start":{"line":22,"column":66},"end":{"line":22,"column":67}},"loc":{"start":{"line":22,"column":72},"end":{"line":29,"column":3}},"line":22},"5":{"name":"(anonymous_5)","decl":{"start":{"line":31,"column":65},"end":{"line":31,"column":66}},"loc":{"start":{"line":31,"column":71},"end":{"line":38,"column":3}},"line":31}},"branchMap":{},"s":{"0":1,"1":1,"2":1,"3":4,"4":1,"5":1,"6":1,"7":1,"8":1,"9":1,"10":1,"11":1,"12":1,"13":1,"14":1,"15":1,"16":1},"f":{"0":1,"1":4,"2":1,"3":1,"4":1,"5":1},"b":{},"_coverageSchema":"1a1c01bbd47fc00a2c39e90264f33305004495a9","hash":"50127a7eccc27ff0b46e5f599af016d28af66e70","contentHash":"0324cda092955c9d9984d32e69598581fae0fc8fc18ee531d072520e8cf62f25"}}